{"logTime": "1110/013039", "correlationVector":"kqr70JaKxSWXcQyHpm2ZyM.102","action":"GetUpdates", "result":"DeleteReceived", "context":{"id":"9791f64b-e6ce-4ad9-99a1-bd9a14b14cb9", "isDeleted:":"true", "version":"1730912170561"}}
{"logTime": "1110/013039", "correlationVector":"kqr70JaKxSWXcQyHpm2ZyM.103","action":"GetUpdates", "result":"DeleteReceived", "context":{"id":"3138750c-39a8-4352-8cfb-9e89539a23fc", "isDeleted:":"true", "version":"1730912170562"}}
{"logTime": "1110/013039", "correlationVector":"kqr70JaKxSWXcQyHpm2ZyM.104","action":"GetUpdates", "result":"DeleteReceived", "context":{"id":"d3d778e4-6d20-4bb5-b86e-65405b04f8ee", "isDeleted:":"true", "version":"1730912170563"}}
{"logTime": "1110/013039", "correlationVector":"kqr70JaKxSWXcQyHpm2ZyM.105","action":"GetUpdates", "result":"DeleteReceived", "context":{"id":"ed029abe-87b4-4f9d-acb1-b65151acdc12", "isDeleted:":"true", "version":"1730912170564"}}
{"logTime": "1110/013039", "correlationVector":"kqr70JaKxSWXcQyHpm2ZyM.106","action":"GetUpdates", "result":"DeleteReceived", "context":{"id":"a2e723f9-d067-49c0-bf94-656d26e3bff9", "isDeleted:":"true", "version":"1730912170566"}}
{"logTime": "1110/013039", "correlationVector":"kqr70JaKxSWXcQyHpm2ZyM.107","action":"GetUpdates", "result":"DeleteReceived", "context":{"id":"a05a96fa-ec98-49c5-a31c-d834107e8141", "isDeleted:":"true", "version":"1730912170569"}}
{"logTime": "1110/013039", "correlationVector":"kqr70JaKxSWXcQyHpm2ZyM.108","action":"GetUpdates", "result":"DeleteReceived", "context":{"id":"a5f94ddc-3df5-4006-b1bb-bdb96fd8e26a", "isDeleted:":"true", "version":"1730912170570"}}
{"logTime": "1110/013039", "correlationVector":"kqr70JaKxSWXcQyHpm2ZyM.109","action":"GetUpdates", "result":"DeleteReceived", "context":{"id":"8a9ddebd-6f71-4535-90c2-4871b5ef9502", "isDeleted:":"true", "version":"1730912170571"}}
{"logTime": "1110/013039", "correlationVector":"kqr70JaKxSWXcQyHpm2ZyM.110","action":"GetUpdates", "result":"DeleteReceived", "context":{"id":"a95d5265-b58e-4f76-bd22-e978f575b24f", "isDeleted:":"true", "version":"1730912170573"}}
{"logTime": "1110/013039", "correlationVector":"kqr70JaKxSWXcQyHpm2ZyM.111","action":"GetUpdates", "result":"DeleteReceived", "context":{"id":"c9e4777d-49c4-4fce-a02c-f538f3d4645e", "isDeleted:":"true", "version":"1730912170574"}}
{"logTime": "1110/013039", "correlationVector":"kqr70JaKxSWXcQyHpm2ZyM.112","action":"GetUpdates", "result":"DeleteReceived", "context":{"id":"0494cd2e-cb9a-4753-bd9a-90a213b21d5b", "isDeleted:":"true", "version":"1730912170575"}}
{"logTime": "1110/013039", "correlationVector":"kqr70JaKxSWXcQyHpm2ZyM.113","action":"GetUpdates", "result":"DeleteReceived", "context":{"id":"087b70c8-ab47-439f-bc25-f45d311cd96c", "isDeleted:":"true", "version":"1730912170576"}}
{"logTime": "1110/013039", "correlationVector":"kqr70JaKxSWXcQyHpm2ZyM.114","action":"GetUpdates", "result":"DeleteReceived", "context":{"id":"32c1a224-152f-4527-a020-2db3725d2bd6", "isDeleted:":"true", "version":"1730912170578"}}
{"logTime": "1110/013039", "correlationVector":"kqr70JaKxSWXcQyHpm2ZyM.115","action":"GetUpdates", "result":"DeleteReceived", "context":{"id":"248c2616-e995-4774-a74b-b4924846fff9", "isDeleted:":"true", "version":"1730912298878"}}
{"logTime": "1110/013039", "correlationVector":"kqr70JaKxSWXcQyHpm2ZyM.116","action":"GetUpdates", "result":"DeleteReceived", "context":{"id":"2a58f0ce-c528-40aa-a93f-66bd3baf8f57", "isDeleted:":"true", "version":"1730912298879"}}
{"logTime": "1110/013039", "correlationVector":"kqr70JaKxSWXcQyHpm2ZyM.117","action":"GetUpdates", "result":"DeleteReceived", "context":{"id":"ccaa536d-02e9-40ab-bcc1-a9f4e6fe947d", "isDeleted:":"true", "version":"1730912298880"}}
{"logTime": "1110/013039", "correlationVector":"kqr70JaKxSWXcQyHpm2ZyM.118","action":"GetUpdates", "result":"DeleteReceived", "context":{"id":"a7196095-c1ec-4e35-b053-6cc4064e03fe", "isDeleted:":"true", "version":"1730912298881"}}
{"logTime": "1110/013039", "correlationVector":"kqr70JaKxSWXcQyHpm2ZyM.119","action":"GetUpdates", "result":"DeleteReceived", "context":{"id":"8fe9f847-98fe-4d96-b66d-ff9ecc5fa636", "isDeleted:":"true", "version":"1730912298883"}}
{"logTime": "1110/013039", "correlationVector":"kqr70JaKxSWXcQyHpm2ZyM.120","action":"GetUpdates", "result":"DeleteReceived", "context":{"id":"733b6b70-35ef-4f1a-a365-98b9f3c1d61c", "isDeleted:":"true", "version":"1730912298884"}}
{"logTime": "1110/013039", "correlationVector":"kqr70JaKxSWXcQyHpm2ZyM.121","action":"GetUpdates", "result":"DeleteReceived", "context":{"id":"55134c65-0e8a-42f5-87f9-b89ce4b39b75", "isDeleted:":"true", "version":"1730912298885"}}
{"logTime": "1110/013039", "correlationVector":"kqr70JaKxSWXcQyHpm2ZyM.122","action":"GetUpdates", "result":"DeleteReceived", "context":{"id":"b3a8dc36-c1e5-452e-8299-235c7d5f2186", "isDeleted:":"true", "version":"1730912298886"}}
{"logTime": "1110/013039", "correlationVector":"kqr70JaKxSWXcQyHpm2ZyM.123","action":"GetUpdates", "result":"DeleteReceived", "context":{"id":"00fbe328-0bd8-4ab2-a240-125a7d8684f7", "isDeleted:":"true", "version":"1730912298887"}}
{"logTime": "1110/013039", "correlationVector":"kqr70JaKxSWXcQyHpm2ZyM.124","action":"GetUpdates", "result":"DeleteReceived", "context":{"id":"da7f92fe-ae0a-40e4-8baa-1858f175947d", "isDeleted:":"true", "version":"1730912298888"}}
{"logTime": "1110/013039", "correlationVector":"kqr70JaKxSWXcQyHpm2ZyM.125","action":"GetUpdates", "result":"DeleteReceived", "context":{"id":"d28eec1b-8193-4e6c-8374-ef421756a938", "isDeleted:":"true", "version":"1730912298889"}}
{"logTime": "1110/013039", "correlationVector":"kqr70JaKxSWXcQyHpm2ZyM.126","action":"GetUpdates", "result":"DeleteReceived", "context":{"id":"2d89aff9-a262-45de-ab54-c7de277be932", "isDeleted:":"true", "version":"1730912614492"}}
{"logTime": "1110/013039", "correlationVector":"kqr70JaKxSWXcQyHpm2ZyM.127","action":"GetUpdates", "result":"DeleteReceived", "context":{"id":"c623d34e-5bc0-4e79-bae0-e48c417a9328", "isDeleted:":"true", "version":"1730915064432"}}
{"logTime": "1110/013039", "correlationVector":"kqr70JaKxSWXcQyHpm2ZyM.128","action":"GetUpdates", "result":"DeleteReceived", "context":{"id":"3f6599ca-fb4a-4f47-8dd8-7c6cfde63b8c", "isDeleted:":"true", "version":"1730988526243"}}
{"logTime": "1110/013039", "correlationVector":"kqr70JaKxSWXcQyHpm2ZyM.129","action":"GetUpdates", "result":"DeleteReceived", "context":{"id":"01300066-4d93-4fca-a0e9-8abb4fea8aa4", "isDeleted:":"true", "version":"1730988686648"}}
{"logTime": "1110/013039", "correlationVector":"kqr70JaKxSWXcQyHpm2ZyM.130","action":"GetUpdates", "result":"DeleteReceived", "context":{"id":"b2ebfacd-bbc9-4b4d-82b4-e1a702a9be78", "isDeleted:":"true", "version":"1730988849091"}}
{"logTime": "1110/013039", "correlationVector":"kqr70JaKxSWXcQyHpm2ZyM.131","action":"GetUpdates", "result":"DeleteReceived", "context":{"id":"2b20771d-9c13-46d6-9ad0-373250348e55", "isDeleted:":"true", "version":"1730989002583"}}
{"logTime": "1110/013039", "correlationVector":"kqr70JaKxSWXcQyHpm2ZyM.132","action":"GetUpdates", "result":"DeleteReceived", "context":{"id":"b06b6157-88a3-49e1-a62b-391bd8723363", "isDeleted:":"true", "version":"1730992429428"}}
{"logTime": "1110/013039", "correlationVector":"kqr70JaKxSWXcQyHpm2ZyM.133","action":"GetUpdates", "result":"DeleteReceived", "context":{"id":"e38f0150-25e6-4a9d-b167-2f7e2e5f2246", "isDeleted:":"true", "version":"1730993334625"}}
{"logTime": "1110/013039", "correlationVector":"kqr70JaKxSWXcQyHpm2ZyM.134","action":"GetUpdates", "result":"DeleteReceived", "context":{"id":"1e09b7a6-c9f0-47a4-868b-1a08c275bbd3", "isDeleted:":"true", "version":"1730996105407"}}
{"logTime": "1110/013039", "correlationVector":"kqr70JaKxSWXcQyHpm2ZyM.135","action":"GetUpdates", "result":"DeleteReceived", "context":{"id":"671fc521-9ded-4253-8d71-b363ada37534", "isDeleted:":"true", "version":"1730996105409"}}
{"logTime": "1110/013039", "correlationVector":"kqr70JaKxSWXcQyHpm2ZyM.136","action":"GetUpdates", "result":"DeleteReceived", "context":{"id":"f8c87714-62ac-493e-8aad-715ea56f9015", "isDeleted:":"true", "version":"1730996197209"}}
{"logTime": "1110/013039", "correlationVector":"kqr70JaKxSWXcQyHpm2ZyM.137","action":"GetUpdates", "result":"DeleteReceived", "context":{"id":"5577a7e5-4a71-4ca6-9160-30eb2d64740c", "isDeleted:":"true", "version":"1730996197212"}}
{"logTime": "1110/013039", "correlationVector":"kqr70JaKxSWXcQyHpm2ZyM.138","action":"GetUpdates", "result":"DeleteReceived", "context":{"id":"b9ee9224-95ed-4bbd-ace3-9fe3da0de411", "isDeleted:":"true", "version":"1730996197213"}}
{"logTime": "1110/013039", "correlationVector":"kqr70JaKxSWXcQyHpm2ZyM.139","action":"GetUpdates", "result":"DeleteReceived", "context":{"id":"f97bf155-2fef-455a-97c2-a44e2c882646", "isDeleted:":"true", "version":"1730996228975"}}
{"logTime": "1110/013039", "correlationVector":"kqr70JaKxSWXcQyHpm2ZyM.140","action":"GetUpdates", "result":"DeleteReceived", "context":{"id":"8c5da0b2-53b1-4c53-aceb-bfaab02a522e", "isDeleted:":"true", "version":"1731008243556"}}
{"logTime": "1110/013039", "correlationVector":"kqr70JaKxSWXcQyHpm2ZyM.141","action":"GetUpdates", "result":"DeleteReceived", "context":{"id":"7aa8dc97-1403-412b-97aa-1799db07bc5c", "isDeleted:":"true", "version":"1731008243565"}}
{"logTime": "1110/013039", "correlationVector":"kqr70JaKxSWXcQyHpm2ZyM.142","action":"GetUpdates", "result":"DeleteReceived", "context":{"id":"c8a62fe7-57dd-4508-aa19-f742a183edfb", "isDeleted:":"true", "version":"1731008243566"}}
{"logTime": "1110/013039", "correlationVector":"kqr70JaKxSWXcQyHpm2ZyM.143","action":"GetUpdates", "result":"DeleteReceived", "context":{"id":"8c840129-65b2-4573-ac96-cb9d806f61ad", "isDeleted:":"true", "version":"1731054236291"}}
{"logTime": "1110/013039", "correlationVector":"kqr70JaKxSWXcQyHpm2ZyM.144","action":"GetUpdates", "result":"DeleteReceived", "context":{"id":"247978ba-7405-441a-b13a-3c2637af2735", "isDeleted:":"true", "version":"1731054236298"}}
{"logTime": "1110/013039", "correlationVector":"kqr70JaKxSWXcQyHpm2ZyM.145","action":"GetUpdates", "result":"DeleteReceived", "context":{"id":"f90c292e-070b-47e5-ae4f-c71b037f391b", "isDeleted:":"true", "version":"1731054236303"}}
{"logTime": "1110/013039", "correlationVector":"kqr70JaKxSWXcQyHpm2ZyM.146","action":"GetUpdates", "result":"DeleteReceived", "context":{"id":"f3fd29ae-22e2-4c6c-a3e1-04f1895ae946", "isDeleted:":"true", "version":"1731054236304"}}
{"logTime": "1110/013039", "correlationVector":"kqr70JaKxSWXcQyHpm2ZyM.147","action":"GetUpdates", "result":"DeleteReceived", "context":{"id":"918761de-6806-4f39-a759-1097b22eeae0", "isDeleted:":"true", "version":"1731054467212"}}
{"logTime": "1110/013039", "correlationVector":"kqr70JaKxSWXcQyHpm2ZyM.148","action":"GetUpdates", "result":"DeleteReceived", "context":{"id":"bf6e244d-76f1-4c04-8943-18442752d036", "isDeleted:":"true", "version":"1731055388041"}}
{"logTime": "1110/013039", "correlationVector":"kqr70JaKxSWXcQyHpm2ZyM.149","action":"GetUpdates Response", "result":"Success", "context":Received 250 update(s). cV=kqr70JaKxSWXcQyHpm2ZyM.0;server=GENERAL01000013;cloudType=Consumer;environment=Prod_WestEurope_000l;migrationStage=NotStarted Some updates remain.}
{"logTime": "1110/013039", "correlationVector":"wBWHIPrzpiRis18kj026U0","action":"Initial GetUpdates", "result":"", "context":Reason: NEWLY_SUPPORTED_DATATYPE. cV=wBWHIPrzpiRis18kj026U0}
{"logTime": "1110/013040", "correlationVector":"wBWHIPrzpiRis18kj026U0.1","action":"SyncServerConnectionManagerRequest", "result":"SYNC_SERVER_OK", "context":{"environment":"Prod_WestEurope_000l", "migrationStage":"NotStarted", "server":"GENERAL01000018"}}
{"logTime": "1110/013040", "correlationVector":"wBWHIPrzpiRis18kj026U0.2","action":"GetUpdates", "result":"DeleteReceived", "context":{"id":"0be1fa0a-c561-479b-8c09-4fb874cf5419", "isDeleted:":"true", "version":"1731081625991"}}
{"logTime": "1110/013040", "correlationVector":"wBWHIPrzpiRis18kj026U0.3","action":"GetUpdates", "result":"DeleteReceived", "context":{"id":"19e3637c-70ac-40ea-abc9-a4b086acb05b", "isDeleted:":"true", "version":"1731081625992"}}
{"logTime": "1110/013040", "correlationVector":"wBWHIPrzpiRis18kj026U0.4","action":"GetUpdates", "result":"DeleteReceived", "context":{"id":"faf39215-3b29-4b7c-89b0-2c4c9948d29e", "isDeleted:":"true", "version":"1731177794482"}}
{"logTime": "1110/013040", "correlationVector":"wBWHIPrzpiRis18kj026U0.5","action":"GetUpdates", "result":"DeleteReceived", "context":{"id":"5ff06d8d-a77d-4c92-9582-dd2d07941f58", "isDeleted:":"true", "version":"1731177794483"}}
{"logTime": "1110/013040", "correlationVector":"wBWHIPrzpiRis18kj026U0.6","action":"GetUpdates", "result":"DeleteReceived", "context":{"id":"c561f95b-dd0a-4232-8aef-2d7efce26e49", "isDeleted:":"true", "version":"1731177794484"}}
{"logTime": "1110/013040", "correlationVector":"wBWHIPrzpiRis18kj026U0.7","action":"GetUpdates", "result":"DeleteReceived", "context":{"id":"3908b8a9-04e9-4d23-b6fa-46ff919b75d6", "isDeleted:":"true", "version":"1731177794485"}}
{"logTime": "1110/013040", "correlationVector":"wBWHIPrzpiRis18kj026U0.8","action":"GetUpdates", "result":"DeleteReceived", "context":{"id":"4f5c7397-93c8-443c-a517-edcb528e28f7", "isDeleted:":"true", "version":"1731177794486"}}
{"logTime": "1110/013040", "correlationVector":"wBWHIPrzpiRis18kj026U0.9","action":"GetUpdates", "result":"DeleteReceived", "context":{"id":"16e72d56-a242-4c54-8b84-5e51a655fabd", "isDeleted:":"true", "version":"1731177794487"}}
{"logTime": "1110/013040", "correlationVector":"wBWHIPrzpiRis18kj026U0.10","action":"GetUpdates", "result":"DeleteReceived", "context":{"id":"b55dc3ba-b05d-4a46-a7b1-1b6ca28b632b", "isDeleted:":"true", "version":"1731177794489"}}
{"logTime": "1110/013040", "correlationVector":"wBWHIPrzpiRis18kj026U0.11","action":"GetUpdates", "result":"DeleteReceived", "context":{"id":"43e8c583-d93a-490a-a76f-acf0c912ca34", "isDeleted:":"true", "version":"1731177794491"}}
{"logTime": "1110/013040", "correlationVector":"wBWHIPrzpiRis18kj026U0.12","action":"GetUpdates", "result":"DeleteReceived", "context":{"id":"e6ebddd5-1617-469a-b1ba-80762af6c46c", "isDeleted:":"true", "version":"1731177794493"}}
{"logTime": "1110/013040", "correlationVector":"wBWHIPrzpiRis18kj026U0.13","action":"GetUpdates", "result":"DeleteReceived", "context":{"id":"34dc0220-b7bc-43be-acd0-66ad4f18e404", "isDeleted:":"true", "version":"1731177794494"}}
{"logTime": "1110/013040", "correlationVector":"wBWHIPrzpiRis18kj026U0.14","action":"GetUpdates", "result":"DeleteReceived", "context":{"id":"6b8ed458-4ef1-4c5e-9516-0f97bdf0cef6", "isDeleted:":"true", "version":"1731178151552"}}
{"logTime": "1110/013040", "correlationVector":"wBWHIPrzpiRis18kj026U0.15","action":"GetUpdates", "result":"DeleteReceived", "context":{"id":"0651d45c-3025-4598-9f44-769040406630", "isDeleted:":"true", "version":"1731200263433"}}
{"logTime": "1110/013040", "correlationVector":"wBWHIPrzpiRis18kj026U0.16","action":"GetUpdates", "result":"DeleteReceived", "context":{"id":"1584e8ee-9eb1-4c0a-9337-5999e16b4ee6", "isDeleted:":"true", "version":"1731200263434"}}
{"logTime": "1110/013040", "correlationVector":"wBWHIPrzpiRis18kj026U0.17","action":"GetUpdates", "result":"DeleteReceived", "context":{"id":"95933dfd-ddc6-447c-982c-e24c70ac519f", "isDeleted:":"true", "version":"1731200263435"}}
{"logTime": "1110/013040", "correlationVector":"wBWHIPrzpiRis18kj026U0.18","action":"GetUpdates", "result":"DeleteReceived", "context":{"id":"3b682e80-9631-459a-baf7-8bf084093044", "isDeleted:":"true", "version":"1731200263436"}}
{"logTime": "1110/013040", "correlationVector":"wBWHIPrzpiRis18kj026U0.19","action":"GetUpdates", "result":"DeleteReceived", "context":{"id":"dad2de6b-d8ec-435c-bfd3-297b889bcd1d", "isDeleted:":"true", "version":"1731200263438"}}
{"logTime": "1110/013040", "correlationVector":"wBWHIPrzpiRis18kj026U0.20","action":"GetUpdates", "result":"DeleteReceived", "context":{"id":"a46ec551-077d-4e8c-ba27-a4137da646ac", "isDeleted:":"true", "version":"1731200263439"}}
{"logTime": "1110/013040", "correlationVector":"wBWHIPrzpiRis18kj026U0.21","action":"GetUpdates", "result":"DeleteReceived", "context":{"id":"f88639d0-52a8-408d-b30a-5723a5eb3c6d", "isDeleted:":"true", "version":"1731200263440"}}
{"logTime": "1110/013040", "correlationVector":"wBWHIPrzpiRis18kj026U0.22","action":"GetUpdates", "result":"DeleteReceived", "context":{"id":"889cd3af-10a4-4c3c-923d-218711b9ac43", "isDeleted:":"true", "version":"1731200263442"}}
{"logTime": "1110/013040", "correlationVector":"wBWHIPrzpiRis18kj026U0.23","action":"GetUpdates", "result":"DeleteReceived", "context":{"id":"772636ea-51dd-4807-97e8-3c30f1494982", "isDeleted:":"true", "version":"1731200263443"}}
{"logTime": "1110/013040", "correlationVector":"wBWHIPrzpiRis18kj026U0.24","action":"GetUpdates", "result":"DeleteReceived", "context":{"id":"daa5911e-04a1-4a0e-bef6-edc8478d05ad", "isDeleted:":"true", "version":"1731200263444"}}
{"logTime": "1110/013040", "correlationVector":"wBWHIPrzpiRis18kj026U0.25","action":"GetUpdates", "result":"DeleteReceived", "context":{"id":"10552d53-a51f-4e96-b99d-8cea1af358ba", "isDeleted:":"true", "version":"1731200263445"}}
{"logTime": "1110/013040", "correlationVector":"wBWHIPrzpiRis18kj026U0.26","action":"GetUpdates", "result":"DeleteReceived", "context":{"id":"6d008f23-0548-4e48-a772-bcf15c1b7cd8", "isDeleted:":"true", "version":"1731200295256"}}
{"logTime": "1110/013040", "correlationVector":"wBWHIPrzpiRis18kj026U0.27","action":"GetUpdates Response", "result":"Success", "context":Received 65 update(s). cV=wBWHIPrzpiRis18kj026U0.0;server=GENERAL01000018;cloudType=Consumer;environment=Prod_WestEurope_000l;migrationStage=NotStarted}
{"logTime": "1110/013040", "correlationVector":"F1XNeEYY5uqqAl7ddDTJVD","action":"Normal GetUpdate request", "result":"", "context":cV=F1XNeEYY5uqqAl7ddDTJVD
Nudged types: Bookmarks, Sessions, Device Info, User Consents
Refresh requested types: Bookmarks, Preferences, Passwords, Autofill Profiles, Autofill, Typed URLs, Extensions, Sessions, Extension settings, History Delete Directives, Device Info, User Consents, Send Tab To Self, Web Apps, Collection, Edge E Drop, Edge Hub App Usage, Edge Tab Group, Edge Wallet, Encryption Keys}
{"logTime": "1110/013040", "correlationVector":"F1XNeEYY5uqqAl7ddDTJVD.1","action":"SyncServerConnectionManagerRequest", "result":"SYNC_SERVER_OK", "context":{"environment":"Prod_WestEurope_000l", "migrationStage":"NotStarted", "server":"GENERAL0100000R"}}
{"logTime": "1110/013040", "correlationVector":"F1XNeEYY5uqqAl7ddDTJVD.2","action":"GetUpdates Response", "result":"Success", "context":Received 0 update(s). cV=F1XNeEYY5uqqAl7ddDTJVD.0;server=GENERAL0100000R;cloudType=Consumer;environment=Prod_WestEurope_000l;migrationStage=NotStarted}
{"logTime": "1110/013040", "correlationVector":"uEtjPvQlqUeXAtnJLy9ItO","action":"Commit Request", "result":"", "context":Item count: 13
Contributing types: Bookmarks, Typed URLs, Sessions, Device Info, User Consents}
{"logTime": "1110/013042", "correlationVector":"uEtjPvQlqUeXAtnJLy9ItO.1","action":"SyncServerConnectionManagerRequest", "result":"SYNC_SERVER_OK", "context":{"environment":"Prod_WestEurope_000l", "migrationStage":"NotStarted", "server":"GENERAL01000015"}}
{"logTime": "1110/013042", "correlationVector":"uEtjPvQlqUeXAtnJLy9ItO.2","action":"Commit Response", "result":"Success", "context":Result: Success. cV=uEtjPvQlqUeXAtnJLy9ItO.0;server=GENERAL01000015;cloudType=Consumer;environment=Prod_WestEurope_000l;migrationStage=NotStarted}
{"logTime": "1110/013042", "correlationVector":"PsTqqARljpzJqQs3OjDqir","action":"Normal GetUpdate request", "result":"", "context":cV=PsTqqARljpzJqQs3OjDqir
Nudged types: Typed URLs, Sessions, Device Info}
{"logTime": "1110/013043", "correlationVector":"PsTqqARljpzJqQs3OjDqir.1","action":"SyncServerConnectionManagerRequest", "result":"SYNC_SERVER_OK", "context":{"environment":"Prod_WestEurope_000l", "migrationStage":"NotStarted", "server":"general0100000Y"}}
{"logTime": "1110/013043", "correlationVector":"PsTqqARljpzJqQs3OjDqir.2","action":"GetUpdates Response", "result":"Success", "context":Received 11 update(s). cV=PsTqqARljpzJqQs3OjDqir.0;server=general0100000Y;cloudType=Consumer;environment=Prod_WestEurope_000l;migrationStage=NotStarted}
{"logTime": "1110/013043", "correlationVector":"VVLeTjUatfpYMktt97rXpT","action":"DoCompareDataConsistency requsted types: ", "result":"Bookmarks, Preferences, Passwords, Typed URLs, Extensions, Extension settings, History Delete Directives, Send Tab To Self, Web Apps, Collection, Edge E Drop, Edge Tab Group, Edge Wallet, Encryption Keys"}
{"logTime": "1110/013043", "correlationVector":"VVLeTjUatfpYMktt97rXpT.0","action":"CompareDataConsistency result: ", "result":"Compare result: Encryption Keys is consistent. local entities count is: 1 local entities hash is: kSuqLlSlkyVL+m3T+urvbhYpHSU="}
{"logTime": "1110/013043", "correlationVector":"VVLeTjUatfpYMktt97rXpT.1","action":"CompareDataConsistency result: ", "result":"Compare result: Bookmarks is consistent. local entities count is: 75 local entities hash is: m7IqYRaEyFW8SH+lSrIqfFb1ah8="}
{"logTime": "1110/013043", "correlationVector":"VVLeTjUatfpYMktt97rXpT.2","action":"CompareDataConsistency result: ", "result":"Compare result: Preferences is consistent. local entities count is: 105 local entities hash is: zxE6UbuX8GOQgGc+OLGy3zSLn1M="}
{"logTime": "1110/013043", "correlationVector":"VVLeTjUatfpYMktt97rXpT.3","action":"CompareDataConsistency result: ", "result":"Server did not send this Typed URLs local entities count is: 146 local entities hash is: cj1DTonSQO3DUOcqqmAm+Cy5hGU="}
{"logTime": "1110/013043", "correlationVector":"VVLeTjUatfpYMktt97rXpT.4","action":"CompareDataConsistency result: ", "result":"Compare result: Extensions is consistent. local entities count is: 22 local entities hash is: T/Lx3MkPkgblaP0GvZA4JZN5w3Q="}
{"logTime": "1110/013043", "correlationVector":"VVLeTjUatfpYMktt97rXpT.5","action":"CompareDataConsistency result: ", "result":"Compare result: Extension settings is consistent. local entities count is: 2 local entities hash is: wYvQraTb1NmYzoBvriNW/4xENik="}
{"logTime": "1110/013043", "correlationVector":"VVLeTjUatfpYMktt97rXpT.6","action":"CompareDataConsistency result: ", "result":"Compare result: History Delete Directives is consistent. local entities count is: 0 local entities hash is: "}
{"logTime": "1110/013043", "correlationVector":"VVLeTjUatfpYMktt97rXpT.7","action":"CompareDataConsistency result: ", "result":"Server did not send this Send Tab To Self local entities count is: 0 local entities hash is: "}
{"logTime": "1110/013043", "correlationVector":"VVLeTjUatfpYMktt97rXpT.8","action":"CompareDataConsistency result: ", "result":"Compare result: Web Apps is consistent. local entities count is: 4 local entities hash is: eb4w1sE0Po3SHB6EmZOvES2g4jc="}
{"logTime": "1110/013043", "correlationVector":"VVLeTjUatfpYMktt97rXpT.9","action":"CompareDataConsistency result: ", "result":"Compare result: Collection is consistent. local entities count is: 0 local entities hash is: "}
{"logTime": "1110/013043", "correlationVector":"VVLeTjUatfpYMktt97rXpT.10","action":"CompareDataConsistency result: ", "result":"Compare result: Edge E Drop is consistent. local entities count is: 0 local entities hash is: "}
{"logTime": "1110/013043", "correlationVector":"VVLeTjUatfpYMktt97rXpT.11","action":"CompareDataConsistency result: ", "result":"Compare result: Edge Tab Group is consistent. local entities count is: 2 local entities hash is: Itp0UDT9Vs6HPEeZekW7SGcNoMo="}
{"logTime": "1110/013043", "correlationVector":"VVLeTjUatfpYMktt97rXpT.12","action":"CompareDataConsistency result: ", "result":"Compare result: Edge Wallet is consistent. local entities count is: 0 local entities hash is: "}
{"logTime": "1110/013043", "correlationVector":"VVLeTjUatfpYMktt97rXpT.13","action":"CompareDataConsistency result: ", "result":"Compare result: Passwords is consistent. local entities count is: 293 local entities hash is: bBnLLN4/KX3dO1a4LO93uW+nyHQ="}
{"logTime": "1110/013043", "correlationVector":"","action":"DIAGNOSTIC_REQUEST|v1/diagnosticData/Diagnostic.SendCheckResult()|SUCCESS", "result":""}
{"logTime": "1110/013250", "correlationVector":"47m1v7Kck0NicGQGqv6oIR","action":"Commit Request", "result":"", "context":Item count: 1
Contributing types: Sessions}
{"logTime": "1110/013250", "correlationVector":"47m1v7Kck0NicGQGqv6oIR.1","action":"SyncServerConnectionManagerRequest", "result":"SYNC_SERVER_OK", "context":{"environment":"Prod_WestEurope_000l", "migrationStage":"NotStarted", "server":"GENERAL01000009"}}
{"logTime": "1110/013250", "correlationVector":"47m1v7Kck0NicGQGqv6oIR.2","action":"Commit Response", "result":"Success", "context":Result: Success. cV=47m1v7Kck0NicGQGqv6oIR.0;server=GENERAL01000009;cloudType=Consumer;environment=Prod_WestEurope_000l;migrationStage=NotStarted}
{"logTime": "1110/013410", "correlationVector":"P4y0UtvgyAd5mTKKpFZJZT","action":"Commit Request", "result":"", "context":Item count: 1
Contributing types: Sessions}
{"logTime": "1110/013411", "correlationVector":"P4y0UtvgyAd5mTKKpFZJZT.1","action":"SyncServerConnectionManagerRequest", "result":"SYNC_SERVER_OK", "context":{"environment":"Prod_WestEurope_000l", "migrationStage":"NotStarted", "server":"GENERAL01000017"}}
{"logTime": "1110/013411", "correlationVector":"P4y0UtvgyAd5mTKKpFZJZT.2","action":"Commit Response", "result":"Success", "context":Result: Success. cV=P4y0UtvgyAd5mTKKpFZJZT.0;server=GENERAL01000017;cloudType=Consumer;environment=Prod_WestEurope_000l;migrationStage=NotStarted}
{"logTime": "1110/013505", "correlationVector":"071PeAQS/FPywv1tJGjReF","action":"Commit Request", "result":"", "context":Item count: 1
Contributing types: Sessions}
{"logTime": "1110/013506", "correlationVector":"071PeAQS/FPywv1tJGjReF.1","action":"SyncServerConnectionManagerRequest", "result":"SYNC_SERVER_OK", "context":{"environment":"Prod_WestEurope_000l", "migrationStage":"NotStarted", "server":"general0100000H"}}
{"logTime": "1110/013506", "correlationVector":"071PeAQS/FPywv1tJGjReF.2","action":"Commit Response", "result":"Success", "context":Result: Success. cV=071PeAQS/FPywv1tJGjReF.0;server=general0100000H;cloudType=Consumer;environment=Prod_WestEurope_000l;migrationStage=NotStarted}
{"logTime": "1110/013514", "correlationVector":"uaUqccxL1odAx+sUalc1if","action":"Normal GetUpdate request", "result":"", "context":cV=uaUqccxL1odAx+sUalc1if
Refresh requested types: Bookmarks, Preferences, Passwords, Autofill Profiles, Autofill, Typed URLs, Extensions, Sessions, Extension settings, History Delete Directives, Device Info, User Consents, Send Tab To Self, Web Apps, Collection, Edge E Drop, Edge Hub App Usage, Edge Tab Group, Edge Wallet, Encryption Keys}
{"logTime": "1110/013515", "correlationVector":"uaUqccxL1odAx+sUalc1if.1","action":"SyncServerConnectionManagerRequest", "result":"SYNC_SERVER_OK", "context":{"environment":"Prod_WestEurope_000l", "migrationStage":"NotStarted", "server":"GENERAL0100000P"}}
{"logTime": "1110/013515", "correlationVector":"uaUqccxL1odAx+sUalc1if.2","action":"GetUpdates Response", "result":"Success", "context":Received 2 update(s). cV=uaUqccxL1odAx+sUalc1if.0;server=GENERAL0100000P;cloudType=Consumer;environment=Prod_WestEurope_000l;migrationStage=NotStarted}
{"logTime": "1110/013734", "correlationVector":"MQaAmDFs4eUaBNLKeOwkjg","action":"Normal GetUpdate request", "result":"", "context":cV=MQaAmDFs4eUaBNLKeOwkjg
Notified types: Device Info}
{"logTime": "1110/013734", "correlationVector":"MQaAmDFs4eUaBNLKeOwkjg.1","action":"SyncServerConnectionManagerRequest", "result":"SYNC_SERVER_OK", "context":{"environment":"Prod_WestEurope_000l", "migrationStage":"NotStarted", "server":"GENERAL0100001J"}}
{"logTime": "1110/013734", "correlationVector":"MQaAmDFs4eUaBNLKeOwkjg.2","action":"GetUpdates Response", "result":"Success", "context":Received 2 update(s). cV=MQaAmDFs4eUaBNLKeOwkjg.0;server=GENERAL0100001J;cloudType=Consumer;environment=Prod_WestEurope_000l;migrationStage=NotStarted}
{"logTime": "1110/014014", "correlationVector":"Z+2vzRRT9MwkAiuJuKMSD3","action":"Normal GetUpdate request", "result":"", "context":cV=Z+2vzRRT9MwkAiuJuKMSD3
Refresh requested types: Bookmarks, Preferences, Passwords, Autofill Profiles, Autofill, Typed URLs, Extensions, Sessions, Extension settings, History Delete Directives, Device Info, User Consents, Send Tab To Self, Web Apps, Collection, Edge E Drop, Edge Hub App Usage, Edge Tab Group, Edge Wallet, Encryption Keys}
{"logTime": "1110/014015", "correlationVector":"Z+2vzRRT9MwkAiuJuKMSD3.1","action":"SyncServerConnectionManagerRequest", "result":"SYNC_SERVER_OK", "context":{"environment":"Prod_WestEurope_000l", "migrationStage":"NotStarted", "server":"GENERAL0100000S"}}
{"logTime": "1110/014015", "correlationVector":"Z+2vzRRT9MwkAiuJuKMSD3.2","action":"GetUpdates Response", "result":"Success", "context":Received 0 update(s). cV=Z+2vzRRT9MwkAiuJuKMSD3.0;server=GENERAL0100000S;cloudType=Consumer;environment=Prod_WestEurope_000l;migrationStage=NotStarted}
{"logTime": "1110/032334", "correlationVector":"hv4DjpOCdHXV+9arkEllkw.1","action":"SyncServerConnectionManagerRequest", "result":"SYNC_SERVER_OK", "context":{"environment":"Prod_WestEurope_000l", "migrationStage":"NotStarted", "server":"GENERAL0100000W"}}
{"logTime": "1110/032336", "correlationVector":"dp6KqPltQf0Uzy4NAiJAew","action":"SyncServerConnectionManagerRequest", "result":"SYNC_SERVER_OK", "context":{"environment":"", "migrationStage":"", "server":""}}
{"logTime": "1110/032336", "correlationVector":"hv4DjpOCdHXV+9arkEllkw","action":"Initial GetUpdates", "result":"", "context":Reason: NEW_CLIENT. cV=hv4DjpOCdHXV+9arkEllkw}
{"logTime": "1110/032336", "correlationVector":"hv4DjpOCdHXV+9arkEllkw.2","action":"GetUpdates Response", "result":"Success", "context":Received 1 update(s). cV=hv4DjpOCdHXV+9arkEllkw.0;server=GENERAL0100000W;cloudType=Consumer;environment=Prod_WestEurope_000l;migrationStage=NotStarted}
{"logTime": "1110/032336", "correlationVector":"9sNu18NO/lauKjkwCwJVJQ","action":"Initial GetUpdates", "result":"", "context":Reason: NEWLY_SUPPORTED_DATATYPE. cV=9sNu18NO/lauKjkwCwJVJQ}
{"logTime": "1110/032337", "correlationVector":"9sNu18NO/lauKjkwCwJVJQ.1","action":"SyncServerConnectionManagerRequest", "result":"SYNC_SERVER_OK", "context":{"environment":"Prod_WestEurope_000l", "migrationStage":"NotStarted", "server":"GENERAL0100000Z"}}
{"logTime": "1110/032337", "correlationVector":"9sNu18NO/lauKjkwCwJVJQ.2","action":"GetUpdates", "result":"DeleteReceived", "context":{"id":"a3bdce26-d605-4696-b436-2409fc5a945b", "isDeleted:":"true", "version":"1703794199970"}}
{"logTime": "1110/032337", "correlationVector":"9sNu18NO/lauKjkwCwJVJQ.3","action":"GetUpdates", "result":"DeleteReceived", "context":{"id":"48ac123f-86ef-40da-af55-2f64fae9a1e8", "isDeleted:":"true", "version":"1703794199971"}}
{"logTime": "1110/032337", "correlationVector":"9sNu18NO/lauKjkwCwJVJQ.4","action":"GetUpdates", "result":"DeleteReceived", "context":{"id":"0b166f87-85d1-4e56-bcf3-8aaecb512993", "isDeleted:":"true", "version":"1703794199973"}}
{"logTime": "1110/032337", "correlationVector":"9sNu18NO/lauKjkwCwJVJQ.5","action":"GetUpdates", "result":"DeleteReceived", "context":{"id":"1d43026e-f170-4d7f-a8f2-eeea83cd246b", "isDeleted:":"true", "version":"1703794199974"}}
{"logTime": "1110/032337", "correlationVector":"9sNu18NO/lauKjkwCwJVJQ.6","action":"GetUpdates", "result":"DeleteReceived", "context":{"id":"75d7e821-8730-4357-9579-6d346e82eab9", "isDeleted:":"true", "version":"1703794199976"}}
{"logTime": "1110/032337", "correlationVector":"9sNu18NO/lauKjkwCwJVJQ.7","action":"GetUpdates", "result":"DeleteReceived", "context":{"id":"ebf5c6fe-3030-42f9-9a58-65ed201a4580", "isDeleted:":"true", "version":"1703794199977"}}
{"logTime": "1110/032337", "correlationVector":"9sNu18NO/lauKjkwCwJVJQ.8","action":"GetUpdates", "result":"DeleteReceived", "context":{"id":"95882cb7-c4c8-4ecd-820c-139173aee045", "isDeleted:":"true", "version":"1703794199978"}}
{"logTime": "1110/032337", "correlationVector":"9sNu18NO/lauKjkwCwJVJQ.9","action":"GetUpdates", "result":"DeleteReceived", "context":{"id":"d8c9c1c2-672b-4a8d-8fe0-9a4c3cf7e28b", "isDeleted:":"true", "version":"1703794199980"}}
{"logTime": "1110/032337", "correlationVector":"9sNu18NO/lauKjkwCwJVJQ.10","action":"GetUpdates", "result":"DeleteReceived", "context":{"id":"ec2ea0b4-77bb-45c7-ad75-c96cf306bbf9", "isDeleted:":"true", "version":"1703794199981"}}
{"logTime": "1110/032337", "correlationVector":"9sNu18NO/lauKjkwCwJVJQ.11","action":"GetUpdates", "result":"DeleteReceived", "context":{"id":"5394f3ca-c608-4318-b541-3f6d3ce42e11", "isDeleted:":"true", "version":"1703794199984"}}
{"logTime": "1110/032337", "correlationVector":"9sNu18NO/lauKjkwCwJVJQ.12","action":"GetUpdates", "result":"DeleteReceived", "context":{"id":"4153a66d-4a4f-4054-bb6e-76d9f596bbc4", "isDeleted:":"true", "version":"1703794199989"}}
{"logTime": "1110/032337", "correlationVector":"9sNu18NO/lauKjkwCwJVJQ.13","action":"GetUpdates", "result":"DeleteReceived", "context":{"id":"fcf45be8-483f-408d-9334-e4055715591b", "isDeleted:":"true", "version":"1703794203085"}}
{"logTime": "1110/032337", "correlationVector":"9sNu18NO/lauKjkwCwJVJQ.14","action":"GetUpdates", "result":"DeleteReceived", "context":{"id":"a71c4711-530d-432a-a33c-c20ccad10625", "isDeleted:":"true", "version":"1703794203088"}}
{"logTime": "1110/032337", "correlationVector":"9sNu18NO/lauKjkwCwJVJQ.15","action":"GetUpdates", "result":"DeleteReceived", "context":{"id":"50898e95-ec60-45a7-97ce-31287253f1c7", "isDeleted:":"true", "version":"1703794203096"}}
{"logTime": "1110/032337", "correlationVector":"9sNu18NO/lauKjkwCwJVJQ.16","action":"GetUpdates", "result":"DeleteReceived", "context":{"id":"01c34148-b090-47e3-8e5b-cc6ba3a8b319", "isDeleted:":"true", "version":"1703794203098"}}
{"logTime": "1110/032337", "correlationVector":"9sNu18NO/lauKjkwCwJVJQ.17","action":"GetUpdates", "result":"DeleteReceived", "context":{"id":"324048a0-66cf-41ff-afd2-6194fb74c839", "isDeleted:":"true", "version":"1703794203099"}}
{"logTime": "1110/032337", "correlationVector":"9sNu18NO/lauKjkwCwJVJQ.18","action":"GetUpdates", "result":"DeleteReceived", "context":{"id":"2a5a70a8-2c9f-4d0a-acd2-b254469c77f4", "isDeleted:":"true", "version":"1703794203100"}}
{"logTime": "1110/032337", "correlationVector":"9sNu18NO/lauKjkwCwJVJQ.19","action":"GetUpdates", "result":"DeleteReceived", "context":{"id":"0a634960-f99a-4993-ad1a-35a54f25622d", "isDeleted:":"true", "version":"1703794203102"}}
{"logTime": "1110/032337", "correlationVector":"9sNu18NO/lauKjkwCwJVJQ.20","action":"GetUpdates", "result":"DeleteReceived", "context":{"id":"a2b2d08f-a1bb-457f-8b64-c146c2897c78", "isDeleted:":"true", "version":"1703794203104"}}
{"logTime": "1110/032337", "correlationVector":"9sNu18NO/lauKjkwCwJVJQ.21","action":"GetUpdates", "result":"DeleteReceived", "context":{"id":"14bc4305-4bb8-4624-84fe-35a7931d70bc", "isDeleted:":"true", "version":"1703794204715"}}
{"logTime": "1110/032337", "correlationVector":"9sNu18NO/lauKjkwCwJVJQ.22","action":"GetUpdates", "result":"DeleteReceived", "context":{"id":"09ef372d-b83c-4a02-bbc3-b293394af9ce", "isDeleted:":"true", "version":"1703794204718"}}
{"logTime": "1110/032337", "correlationVector":"9sNu18NO/lauKjkwCwJVJQ.23","action":"GetUpdates", "result":"DeleteReceived", "context":{"id":"d4b88489-7a6b-4836-b553-fe9047ac7fb1", "isDeleted:":"true", "version":"1703794204719"}}
{"logTime": "1110/032337", "correlationVector":"9sNu18NO/lauKjkwCwJVJQ.24","action":"GetUpdates", "result":"DeleteReceived", "context":{"id":"0a762609-33d7-477a-8b9c-4d1e8664208f", "isDeleted:":"true", "version":"1703794204720"}}
{"logTime": "1110/032337", "correlationVector":"9sNu18NO/lauKjkwCwJVJQ.25","action":"GetUpdates", "result":"DeleteReceived", "context":{"id":"b63d6195-7a86-416f-a2d3-e77e1b9abaf0", "isDeleted:":"true", "version":"1703794204729"}}
{"logTime": "1110/032337", "correlationVector":"9sNu18NO/lauKjkwCwJVJQ.26","action":"GetUpdates", "result":"DeleteReceived", "context":{"id":"fe2f12aa-dac7-40f6-a623-ba9dbff794a1", "isDeleted:":"true", "version":"1703794204731"}}
{"logTime": "1110/032337", "correlationVector":"9sNu18NO/lauKjkwCwJVJQ.27","action":"GetUpdates", "result":"DeleteReceived", "context":{"id":"f42f53a2-e052-4658-a486-de11e09b6e8a", "isDeleted:":"true", "version":"1703794204733"}}
{"logTime": "1110/032337", "correlationVector":"9sNu18NO/lauKjkwCwJVJQ.28","action":"GetUpdates", "result":"DeleteReceived", "context":{"id":"75487eed-7830-4e1b-bcb0-babf3c7beeb9", "isDeleted:":"true", "version":"1703794206191"}}
{"logTime": "1110/032337", "correlationVector":"9sNu18NO/lauKjkwCwJVJQ.29","action":"GetUpdates", "result":"DeleteReceived", "context":{"id":"fc980a9f-95d5-4203-92e9-b1a62db0be9f", "isDeleted:":"true", "version":"1703794206192"}}
{"logTime": "1110/032337", "correlationVector":"9sNu18NO/lauKjkwCwJVJQ.30","action":"GetUpdates", "result":"DeleteReceived", "context":{"id":"1f97331e-fb74-4c82-b4cb-7324b86ea7eb", "isDeleted:":"true", "version":"1703794206194"}}
{"logTime": "1110/032337", "correlationVector":"9sNu18NO/lauKjkwCwJVJQ.31","action":"GetUpdates", "result":"DeleteReceived", "context":{"id":"9cee37f4-b996-49c8-b51d-ee47fd169170", "isDeleted:":"true", "version":"1703794206195"}}
{"logTime": "1110/032337", "correlationVector":"9sNu18NO/lauKjkwCwJVJQ.32","action":"GetUpdates", "result":"DeleteReceived", "context":{"id":"2afd4198-24dd-413a-82ec-ad98c7d048fd", "isDeleted:":"true", "version":"1703794206197"}}
{"logTime": "1110/032337", "correlationVector":"9sNu18NO/lauKjkwCwJVJQ.33","action":"GetUpdates", "result":"DeleteReceived", "context":{"id":"9b4f0159-ffc5-481b-a6cf-c59b32cd8937", "isDeleted:":"true", "version":"1703794206198"}}
{"logTime": "1110/032337", "correlationVector":"9sNu18NO/lauKjkwCwJVJQ.34","action":"GetUpdates", "result":"DeleteReceived", "context":{"id":"31734719-6672-4e93-a0d6-3a661a465b9a", "isDeleted:":"true", "version":"1703794206203"}}
{"logTime": "1110/032337", "correlationVector":"9sNu18NO/lauKjkwCwJVJQ.35","action":"GetUpdates", "result":"DeleteReceived", "context":{"id":"ccc96e15-c759-45b9-83bd-33574bd7bfed", "isDeleted:":"true", "version":"1703794207724"}}
{"logTime": "1110/032337", "correlationVector":"9sNu18NO/lauKjkwCwJVJQ.36","action":"GetUpdates", "result":"DeleteReceived", "context":{"id":"b4b90a4f-5086-4b05-a5c7-39cd150e5f26", "isDeleted:":"true", "version":"1703794207728"}}
{"logTime": "1110/032337", "correlationVector":"9sNu18NO/lauKjkwCwJVJQ.37","action":"GetUpdates", "result":"DeleteReceived", "context":{"id":"a858c322-2b1e-4d0c-a6ba-58c633f22c65", "isDeleted:":"true", "version":"1703794207730"}}
{"logTime": "1110/032337", "correlationVector":"9sNu18NO/lauKjkwCwJVJQ.38","action":"GetUpdates", "result":"DeleteReceived", "context":{"id":"d02cf8a3-8dae-47c5-9fe4-6aeebb5c36f0", "isDeleted:":"true", "version":"1703794207734"}}
{"logTime": "1110/032337", "correlationVector":"9sNu18NO/lauKjkwCwJVJQ.39","action":"GetUpdates", "result":"DeleteReceived", "context":{"id":"06c34cdd-75b1-4a19-b82d-e14f5560074d", "isDeleted:":"true", "version":"1703794207735"}}
{"logTime": "1110/032337", "correlationVector":"9sNu18NO/lauKjkwCwJVJQ.40","action":"GetUpdates", "result":"DeleteReceived", "context":{"id":"07d79478-041e-43ee-b4c0-4c708887c00f", "isDeleted:":"true", "version":"1703794207739"}}
{"logTime": "1110/032337", "correlationVector":"9sNu18NO/lauKjkwCwJVJQ.41","action":"GetUpdates", "result":"DeleteReceived", "context":{"id":"f899d8cc-46c7-42dd-889a-84450c7973ec", "isDeleted:":"true", "version":"1703794207741"}}
{"logTime": "1110/032337", "correlationVector":"9sNu18NO/lauKjkwCwJVJQ.42","action":"GetUpdates", "result":"DeleteReceived", "context":{"id":"0e963fcb-9fd6-436c-99d4-70d9f34d909d", "isDeleted:":"true", "version":"1703794207742"}}
{"logTime": "1110/032337", "correlationVector":"9sNu18NO/lauKjkwCwJVJQ.43","action":"GetUpdates", "result":"DeleteReceived", "context":{"id":"2efacbd7-d66b-438d-8e1b-adffd840ca11", "isDeleted:":"true", "version":"1703794209114"}}
{"logTime": "1110/032337", "correlationVector":"9sNu18NO/lauKjkwCwJVJQ.44","action":"GetUpdates", "result":"DeleteReceived", "context":{"id":"736b5ef5-dece-44d4-b6d6-33db2fe4fc07", "isDeleted:":"true", "version":"1703794209122"}}
{"logTime": "1110/032337", "correlationVector":"9sNu18NO/lauKjkwCwJVJQ.45","action":"GetUpdates", "result":"DeleteReceived", "context":{"id":"7e4b34c7-8da2-4c1c-bb4c-6e39fb939610", "isDeleted:":"true", "version":"1703794209123"}}
{"logTime": "1110/032337", "correlationVector":"9sNu18NO/lauKjkwCwJVJQ.46","action":"GetUpdates", "result":"DeleteReceived", "context":{"id":"177db898-ecbb-466d-8606-d1d39519a9eb", "isDeleted:":"true", "version":"1703794209124"}}
{"logTime": "1110/032337", "correlationVector":"9sNu18NO/lauKjkwCwJVJQ.47","action":"GetUpdates", "result":"DeleteReceived", "context":{"id":"006d3dc9-5d93-4335-85e7-e5b023afd08c", "isDeleted:":"true", "version":"1703794209125"}}
{"logTime": "1110/032337", "correlationVector":"9sNu18NO/lauKjkwCwJVJQ.48","action":"GetUpdates", "result":"DeleteReceived", "context":{"id":"9477de80-0b29-4ab5-bfe0-c8a4b5bcba29", "isDeleted:":"true", "version":"1703794209126"}}
{"logTime": "1110/032337", "correlationVector":"9sNu18NO/lauKjkwCwJVJQ.49","action":"GetUpdates", "result":"DeleteReceived", "context":{"id":"7c0147ec-a5c9-479d-b00a-040bf196827d", "isDeleted:":"true", "version":"1703794209127"}}
{"logTime": "1110/032337", "correlationVector":"9sNu18NO/lauKjkwCwJVJQ.50","action":"GetUpdates", "result":"DeleteReceived", "context":{"id":"6d27c8fb-7e9a-4747-bf31-3b222ce5c8e0", "isDeleted:":"true", "version":"1703794209128"}}
{"logTime": "1110/032337", "correlationVector":"9sNu18NO/lauKjkwCwJVJQ.51","action":"GetUpdates", "result":"DeleteReceived", "context":{"id":"0d6f1791-9148-4e90-b85a-7db829c10cd6", "isDeleted:":"true", "version":"1703794210967"}}
{"logTime": "1110/032337", "correlationVector":"9sNu18NO/lauKjkwCwJVJQ.52","action":"GetUpdates", "result":"DeleteReceived", "context":{"id":"de7bbd4e-4935-4417-9d71-118b086f695f", "isDeleted:":"true", "version":"1703794210969"}}
{"logTime": "1110/032337", "correlationVector":"9sNu18NO/lauKjkwCwJVJQ.53","action":"GetUpdates", "result":"DeleteReceived", "context":{"id":"aa9653ec-6177-41e6-9ffa-5f0cba1cabfd", "isDeleted:":"true", "version":"1703794210971"}}
{"logTime": "1110/032337", "correlationVector":"9sNu18NO/lauKjkwCwJVJQ.54","action":"GetUpdates", "result":"DeleteReceived", "context":{"id":"0e44d9ed-8340-45b5-aca6-45ae023359e2", "isDeleted:":"true", "version":"1703794210973"}}
{"logTime": "1110/032337", "correlationVector":"9sNu18NO/lauKjkwCwJVJQ.55","action":"GetUpdates", "result":"DeleteReceived", "context":{"id":"9c9c60b5-1268-4b74-8baf-5a6e7a8895b3", "isDeleted:":"true", "version":"1703794210974"}}
{"logTime": "1110/032337", "correlationVector":"9sNu18NO/lauKjkwCwJVJQ.56","action":"GetUpdates", "result":"DeleteReceived", "context":{"id":"e62f1a2d-89c0-4cc8-8c8c-35375ce76129", "isDeleted:":"true", "version":"1703794210976"}}
{"logTime": "1110/032337", "correlationVector":"9sNu18NO/lauKjkwCwJVJQ.57","action":"GetUpdates", "result":"DeleteReceived", "context":{"id":"fcef8ea0-fda3-45ee-b32f-2715838a548e", "isDeleted:":"true", "version":"1703794210977"}}
{"logTime": "1110/032337", "correlationVector":"9sNu18NO/lauKjkwCwJVJQ.58","action":"GetUpdates", "result":"DeleteReceived", "context":{"id":"d3d60a4e-2443-4276-b1c7-bd634f41d978", "isDeleted:":"true", "version":"1703794210978"}}
{"logTime": "1110/032337", "correlationVector":"9sNu18NO/lauKjkwCwJVJQ.59","action":"GetUpdates", "result":"DeleteReceived", "context":{"id":"8756d3a1-02ae-4e81-b8e4-398fe5a62e2a", "isDeleted:":"true", "version":"1703794210980"}}
{"logTime": "1110/032337", "correlationVector":"9sNu18NO/lauKjkwCwJVJQ.60","action":"GetUpdates", "result":"DeleteReceived", "context":{"id":"552a0a48-12cd-4386-a8dc-6ae09accb068", "isDeleted:":"true", "version":"1703794210981"}}
{"logTime": "1110/032337", "correlationVector":"9sNu18NO/lauKjkwCwJVJQ.61","action":"GetUpdates", "result":"DeleteReceived", "context":{"id":"b8018e84-8f87-472c-bd0d-b972a465a05a", "isDeleted:":"true", "version":"1703794210984"}}
{"logTime": "1110/032337", "correlationVector":"9sNu18NO/lauKjkwCwJVJQ.62","action":"GetUpdates", "result":"DeleteReceived", "context":{"id":"53d962cd-d31e-4346-aa4f-caf07c155dba", "isDeleted:":"true", "version":"1703794210985"}}
{"logTime": "1110/032337", "correlationVector":"9sNu18NO/lauKjkwCwJVJQ.63","action":"GetUpdates", "result":"DeleteReceived", "context":{"id":"41d79a59-5fdf-405e-9208-4d1756b9a78e", "isDeleted:":"true", "version":"1703794212529"}}
{"logTime": "1110/032337", "correlationVector":"9sNu18NO/lauKjkwCwJVJQ.64","action":"GetUpdates", "result":"DeleteReceived", "context":{"id":"d79f50cc-3e64-4124-a6b0-0b15ea82942d", "isDeleted:":"true", "version":"1703794212534"}}
{"logTime": "1110/032337", "correlationVector":"9sNu18NO/lauKjkwCwJVJQ.65","action":"GetUpdates", "result":"DeleteReceived", "context":{"id":"c74eedbb-46e9-4f7a-ad7e-2b14065bbaad", "isDeleted:":"true", "version":"1703794212537"}}
{"logTime": "1110/032337", "correlationVector":"9sNu18NO/lauKjkwCwJVJQ.66","action":"GetUpdates", "result":"DeleteReceived", "context":{"id":"a3d937b7-cbbe-46e7-9f87-8de1ccc21029", "isDeleted:":"true", "version":"1703794212539"}}
{"logTime": "1110/032337", "correlationVector":"9sNu18NO/lauKjkwCwJVJQ.67","action":"GetUpdates", "result":"DeleteReceived", "context":{"id":"fb79bf06-b1f4-41f5-a4e7-be2a76f69352", "isDeleted:":"true", "version":"1703794212540"}}
{"logTime": "1110/032337", "correlationVector":"9sNu18NO/lauKjkwCwJVJQ.68","action":"GetUpdates", "result":"DeleteReceived", "context":{"id":"62473881-f1dc-40f4-86d3-2753afd4b1a9", "isDeleted:":"true", "version":"1703794212542"}}
{"logTime": "1110/032337", "correlationVector":"9sNu18NO/lauKjkwCwJVJQ.69","action":"GetUpdates", "result":"DeleteReceived", "context":{"id":"2f8ff2f8-5877-43cc-9e73-44a3cb996b8f", "isDeleted:":"true", "version":"1703794212543"}}
{"logTime": "1110/032337", "correlationVector":"9sNu18NO/lauKjkwCwJVJQ.70","action":"GetUpdates", "result":"DeleteReceived", "context":{"id":"48ed0f91-2595-40d8-b44f-c17eef3ef307", "isDeleted:":"true", "version":"1703794212546"}}
{"logTime": "1110/032337", "correlationVector":"9sNu18NO/lauKjkwCwJVJQ.71","action":"GetUpdates", "result":"DeleteReceived", "context":{"id":"268d79be-0792-4c7a-aeb4-61dee24842fd", "isDeleted:":"true", "version":"1703794212548"}}
{"logTime": "1110/032337", "correlationVector":"9sNu18NO/lauKjkwCwJVJQ.72","action":"GetUpdates", "result":"DeleteReceived", "context":{"id":"69002c0b-fc45-40c5-a0e9-40d649508ad7", "isDeleted:":"true", "version":"1703794214082"}}
{"logTime": "1110/032337", "correlationVector":"9sNu18NO/lauKjkwCwJVJQ.73","action":"GetUpdates", "result":"DeleteReceived", "context":{"id":"e15fd924-d5ed-4dfc-ab4a-51e96cb68450", "isDeleted:":"true", "version":"1703794214086"}}
{"logTime": "1110/032337", "correlationVector":"9sNu18NO/lauKjkwCwJVJQ.74","action":"GetUpdates", "result":"DeleteReceived", "context":{"id":"cd8bc2b7-74e4-40b6-bbd7-635dcf764df4", "isDeleted:":"true", "version":"1703794214088"}}
{"logTime": "1110/032337", "correlationVector":"9sNu18NO/lauKjkwCwJVJQ.75","action":"GetUpdates", "result":"DeleteReceived", "context":{"id":"275720e4-5079-4f6f-8e84-699d2b3535bf", "isDeleted:":"true", "version":"1703794214089"}}
{"logTime": "1110/032337", "correlationVector":"9sNu18NO/lauKjkwCwJVJQ.76","action":"GetUpdates", "result":"DeleteReceived", "context":{"id":"8fc84b6c-7b21-48e6-ba8e-a700c768ef13", "isDeleted:":"true", "version":"1703794214094"}}
{"logTime": "1110/032337", "correlationVector":"9sNu18NO/lauKjkwCwJVJQ.77","action":"GetUpdates", "result":"DeleteReceived", "context":{"id":"e62861fc-7f85-4b74-a488-95c40c78bfd9", "isDeleted:":"true", "version":"1703794214095"}}
{"logTime": "1110/032337", "correlationVector":"9sNu18NO/lauKjkwCwJVJQ.78","action":"GetUpdates", "result":"DeleteReceived", "context":{"id":"9dd520df-e051-4cd3-ac88-9f8e08e34fd5", "isDeleted:":"true", "version":"1703794214096"}}
{"logTime": "1110/032337", "correlationVector":"9sNu18NO/lauKjkwCwJVJQ.79","action":"GetUpdates", "result":"DeleteReceived", "context":{"id":"e3823a98-0c2b-4d89-9cac-8a936f32701a", "isDeleted:":"true", "version":"1703794214097"}}
{"logTime": "1110/032337", "correlationVector":"9sNu18NO/lauKjkwCwJVJQ.80","action":"GetUpdates", "result":"DeleteReceived", "context":{"id":"3a3232ed-70b5-4e48-8cd0-f28ba8d22ad1", "isDeleted:":"true", "version":"1703794214098"}}
{"logTime": "1110/032337", "correlationVector":"9sNu18NO/lauKjkwCwJVJQ.81","action":"GetUpdates", "result":"DeleteReceived", "context":{"id":"2653d702-39b4-45fd-8126-0511038cb32f", "isDeleted:":"true", "version":"1703794215592"}}
{"logTime": "1110/032337", "correlationVector":"9sNu18NO/lauKjkwCwJVJQ.82","action":"GetUpdates", "result":"DeleteReceived", "context":{"id":"54797477-4e34-4a22-be64-ab6e32537094", "isDeleted:":"true", "version":"1703794215597"}}
{"logTime": "1110/032337", "correlationVector":"9sNu18NO/lauKjkwCwJVJQ.83","action":"GetUpdates", "result":"DeleteReceived", "context":{"id":"0fbb788d-5bd3-4da7-90ce-3b9e78cd6976", "isDeleted:":"true", "version":"1703794215598"}}
{"logTime": "1110/032337", "correlationVector":"9sNu18NO/lauKjkwCwJVJQ.84","action":"GetUpdates", "result":"DeleteReceived", "context":{"id":"2db70cfa-9756-465c-a025-2422da954c8e", "isDeleted:":"true", "version":"1703794215601"}}
{"logTime": "1110/032337", "correlationVector":"9sNu18NO/lauKjkwCwJVJQ.85","action":"GetUpdates", "result":"DeleteReceived", "context":{"id":"50184137-5c8c-495d-8d70-f789ca206d35", "isDeleted:":"true", "version":"1703794215603"}}
{"logTime": "1110/032337", "correlationVector":"9sNu18NO/lauKjkwCwJVJQ.86","action":"GetUpdates", "result":"DeleteReceived", "context":{"id":"ae84c619-6ccd-4159-8c5e-efcdb3adddc2", "isDeleted:":"true", "version":"1703794215606"}}
{"logTime": "1110/032337", "correlationVector":"9sNu18NO/lauKjkwCwJVJQ.87","action":"GetUpdates", "result":"DeleteReceived", "context":{"id":"529fb0f4-bfa0-481c-93e1-dd38ae04c9c4", "isDeleted:":"true", "version":"1703794215607"}}
{"logTime": "1110/032337", "correlationVector":"9sNu18NO/lauKjkwCwJVJQ.88","action":"GetUpdates", "result":"DeleteReceived", "context":{"id":"2564bb9a-6867-4f81-8465-fdf77e28fdcb", "isDeleted:":"true", "version":"1703794217013"}}
{"logTime": "1110/032337", "correlationVector":"9sNu18NO/lauKjkwCwJVJQ.89","action":"GetUpdates", "result":"DeleteReceived", "context":{"id":"a52c99d9-78e1-4f28-bf79-8cdeeb9e4ec8", "isDeleted:":"true", "version":"1703794217015"}}
{"logTime": "1110/032337", "correlationVector":"9sNu18NO/lauKjkwCwJVJQ.90","action":"GetUpdates", "result":"DeleteReceived", "context":{"id":"6ba9fc9b-3e36-48c3-9191-b0b7900aa46d", "isDeleted:":"true", "version":"1703794217017"}}
{"logTime": "1110/032337", "correlationVector":"9sNu18NO/lauKjkwCwJVJQ.91","action":"GetUpdates", "result":"DeleteReceived", "context":{"id":"9486908b-dd8b-4c83-b3a2-edb6b3b42de2", "isDeleted:":"true", "version":"1703794217018"}}
{"logTime": "1110/032337", "correlationVector":"9sNu18NO/lauKjkwCwJVJQ.92","action":"GetUpdates", "result":"DeleteReceived", "context":{"id":"c4336945-a461-4c54-9a7a-f3d5857f1ae4", "isDeleted:":"true", "version":"1703794217021"}}
{"logTime": "1110/032337", "correlationVector":"9sNu18NO/lauKjkwCwJVJQ.93","action":"GetUpdates", "result":"DeleteReceived", "context":{"id":"5a95c574-a154-4bd0-8455-64fee1e0662c", "isDeleted:":"true", "version":"1703794217022"}}
{"logTime": "1110/032337", "correlationVector":"9sNu18NO/lauKjkwCwJVJQ.94","action":"GetUpdates", "result":"DeleteReceived", "context":{"id":"68f60fd4-6cc4-484a-949f-6e4887f7aeaa", "isDeleted:":"true", "version":"1703794217024"}}
{"logTime": "1110/032337", "correlationVector":"9sNu18NO/lauKjkwCwJVJQ.95","action":"GetUpdates", "result":"DeleteReceived", "context":{"id":"63717436-13d5-4dbf-8378-a0087d03f905", "isDeleted:":"true", "version":"1703794217025"}}
{"logTime": "1110/032337", "correlationVector":"9sNu18NO/lauKjkwCwJVJQ.96","action":"GetUpdates", "result":"DeleteReceived", "context":{"id":"e3c22a27-e6e2-4f86-b494-4fd90dae7c31", "isDeleted:":"true", "version":"1703794217026"}}
{"logTime": "1110/032337", "correlationVector":"9sNu18NO/lauKjkwCwJVJQ.97","action":"GetUpdates", "result":"DeleteReceived", "context":{"id":"779cdfd5-90ad-47fb-bb3e-d238e295575d", "isDeleted:":"true", "version":"1703794217027"}}
{"logTime": "1110/032337", "correlationVector":"9sNu18NO/lauKjkwCwJVJQ.98","action":"GetUpdates", "result":"DeleteReceived", "context":{"id":"55128b20-27d5-4723-823e-3ecbe66ef778", "isDeleted:":"true", "version":"1703794217028"}}
{"logTime": "1110/032337", "correlationVector":"9sNu18NO/lauKjkwCwJVJQ.99","action":"GetUpdates", "result":"DeleteReceived", "context":{"id":"1157894f-7fdd-4e26-937c-940073ada2f7", "isDeleted:":"true", "version":"1703794218564"}}
{"logTime": "1110/032337", "correlationVector":"9sNu18NO/lauKjkwCwJVJQ.100","action":"GetUpdates", "result":"DeleteReceived", "context":{"id":"bfd5abc7-9c04-445d-b237-e740dae7fa69", "isDeleted:":"true", "version":"1703794218567"}}
{"logTime": "1110/032337", "correlationVector":"9sNu18NO/lauKjkwCwJVJQ.101","action":"GetUpdates", "result":"DeleteReceived", "context":{"id":"d1005c62-6cd5-4369-a408-5df2ca778d99", "isDeleted:":"true", "version":"1703794218568"}}
{"logTime": "1110/032337", "correlationVector":"9sNu18NO/lauKjkwCwJVJQ.102","action":"GetUpdates", "result":"DeleteReceived", "context":{"id":"7b080033-0493-4d4b-8ea6-586be470a03c", "isDeleted:":"true", "version":"1703794218569"}}
{"logTime": "1110/032337", "correlationVector":"9sNu18NO/lauKjkwCwJVJQ.103","action":"GetUpdates", "result":"DeleteReceived", "context":{"id":"ff7cdea3-34c9-4b70-9044-f1ed13aea607", "isDeleted:":"true", "version":"1703794218570"}}
{"logTime": "1110/032337", "correlationVector":"9sNu18NO/lauKjkwCwJVJQ.104","action":"GetUpdates", "result":"DeleteReceived", "context":{"id":"433b7ed6-48f3-41ca-80fa-dec104388cef", "isDeleted:":"true", "version":"1703794218572"}}
{"logTime": "1110/032337", "correlationVector":"9sNu18NO/lauKjkwCwJVJQ.105","action":"GetUpdates", "result":"DeleteReceived", "context":{"id":"c4c5a6f1-18a1-4019-9de7-18c821afdcb9", "isDeleted:":"true", "version":"1703794218579"}}
{"logTime": "1110/032337", "correlationVector":"9sNu18NO/lauKjkwCwJVJQ.106","action":"GetUpdates", "result":"DeleteReceived", "context":{"id":"5b7913ce-d6da-4706-aeb0-00c9b1bf20b7", "isDeleted:":"true", "version":"1703794218580"}}
{"logTime": "1110/032337", "correlationVector":"9sNu18NO/lauKjkwCwJVJQ.107","action":"GetUpdates", "result":"DeleteReceived", "context":{"id":"8ffc83fd-bc91-4f88-a56a-0bcea42db42f", "isDeleted:":"true", "version":"1703794218581"}}
{"logTime": "1110/032337", "correlationVector":"9sNu18NO/lauKjkwCwJVJQ.108","action":"GetUpdates", "result":"DeleteReceived", "context":{"id":"e52abf63-2cdc-440c-8b16-ab2bc146878a", "isDeleted:":"true", "version":"1703794218583"}}
{"logTime": "1110/032337", "correlationVector":"9sNu18NO/lauKjkwCwJVJQ.109","action":"GetUpdates", "result":"DeleteReceived", "context":{"id":"7abc5e4f-f41a-43b4-a4c0-5a10934df76e", "isDeleted:":"true", "version":"1703794220398"}}
{"logTime": "1110/032337", "correlationVector":"9sNu18NO/lauKjkwCwJVJQ.110","action":"GetUpdates", "result":"DeleteReceived", "context":{"id":"b3db7e40-4e78-4756-a572-a6e2d3662543", "isDeleted:":"true", "version":"1703794220399"}}
{"logTime": "1110/032337", "correlationVector":"9sNu18NO/lauKjkwCwJVJQ.111","action":"GetUpdates", "result":"DeleteReceived", "context":{"id":"c1c96460-5ea6-4ac2-8f0a-fe6bd7821988", "isDeleted:":"true", "version":"1703794220404"}}
{"logTime": "1110/032337", "correlationVector":"9sNu18NO/lauKjkwCwJVJQ.112","action":"GetUpdates", "result":"DeleteReceived", "context":{"id":"5a4ebbf3-10ac-420b-85f1-8ca670cbfe63", "isDeleted:":"true", "version":"1703794220405"}}
{"logTime": "1110/032337", "correlationVector":"9sNu18NO/lauKjkwCwJVJQ.113","action":"GetUpdates", "result":"DeleteReceived", "context":{"id":"54f9ca7a-ed92-41bf-82ea-c31fa05eddbb", "isDeleted:":"true", "version":"1703794220406"}}
{"logTime": "1110/032337", "correlationVector":"9sNu18NO/lauKjkwCwJVJQ.114","action":"GetUpdates", "result":"DeleteReceived", "context":{"id":"80aee771-876e-474b-bf05-a84a35356d07", "isDeleted:":"true", "version":"1703794220407"}}
{"logTime": "1110/032337", "correlationVector":"9sNu18NO/lauKjkwCwJVJQ.115","action":"GetUpdates", "result":"DeleteReceived", "context":{"id":"8570b566-ce3c-406f-af3c-54127a485ebd", "isDeleted:":"true", "version":"1703794220409"}}
{"logTime": "1110/032337", "correlationVector":"9sNu18NO/lauKjkwCwJVJQ.116","action":"GetUpdates", "result":"DeleteReceived", "context":{"id":"1d5c8a78-9db2-460f-993a-7d0f5f4fa59c", "isDeleted:":"true", "version":"1703794220410"}}
{"logTime": "1110/032337", "correlationVector":"9sNu18NO/lauKjkwCwJVJQ.117","action":"GetUpdates", "result":"DeleteReceived", "context":{"id":"6ed0de5d-317e-4598-860a-0d3791dee956", "isDeleted:":"true", "version":"1703794220411"}}
{"logTime": "1110/032337", "correlationVector":"9sNu18NO/lauKjkwCwJVJQ.118","action":"GetUpdates", "result":"DeleteReceived", "context":{"id":"e73935bf-148d-4dfb-8b35-dccf66310013", "isDeleted:":"true", "version":"1703794220412"}}
{"logTime": "1110/032337", "correlationVector":"9sNu18NO/lauKjkwCwJVJQ.119","action":"GetUpdates", "result":"DeleteReceived", "context":{"id":"cd4f1b67-1226-4a5a-8c33-84ccced281b7", "isDeleted:":"true", "version":"1703794222084"}}
{"logTime": "1110/032337", "correlationVector":"9sNu18NO/lauKjkwCwJVJQ.120","action":"GetUpdates", "result":"DeleteReceived", "context":{"id":"dcb4ac53-0513-4aaa-b534-bf354217b9c0", "isDeleted:":"true", "version":"1703794222088"}}
{"logTime": "1110/032337", "correlationVector":"9sNu18NO/lauKjkwCwJVJQ.121","action":"GetUpdates", "result":"DeleteReceived", "context":{"id":"13a26896-b7a8-4fd7-83e9-678f67cc99a3", "isDeleted:":"true", "version":"1703794222092"}}
{"logTime": "1110/032337", "correlationVector":"9sNu18NO/lauKjkwCwJVJQ.122","action":"GetUpdates", "result":"DeleteReceived", "context":{"id":"937b5eb4-2d02-42b6-b171-557afb744ca1", "isDeleted:":"true", "version":"1703794222094"}}
{"logTime": "1110/032337", "correlationVector":"9sNu18NO/lauKjkwCwJVJQ.123","action":"GetUpdates", "result":"DeleteReceived", "context":{"id":"cf43861b-e646-4c41-930e-f383fc77f99b", "isDeleted:":"true", "version":"1703794222095"}}
{"logTime": "1110/032337", "correlationVector":"9sNu18NO/lauKjkwCwJVJQ.124","action":"GetUpdates", "result":"DeleteReceived", "context":{"id":"cbffdd51-87b9-4ba2-803b-fe63007f613a", "isDeleted:":"true", "version":"1703794222096"}}
{"logTime": "1110/032337", "correlationVector":"9sNu18NO/lauKjkwCwJVJQ.125","action":"GetUpdates", "result":"DeleteReceived", "context":{"id":"70a6c73a-509f-410b-9008-04d550e58196", "isDeleted:":"true", "version":"1703794222098"}}
{"logTime": "1110/032337", "correlationVector":"9sNu18NO/lauKjkwCwJVJQ.126","action":"GetUpdates", "result":"DeleteReceived", "context":{"id":"4f21bc32-03e3-469f-9a8f-cdc8333dec0b", "isDeleted:":"true", "version":"1703794222100"}}
{"logTime": "1110/032337", "correlationVector":"9sNu18NO/lauKjkwCwJVJQ.127","action":"GetUpdates", "result":"DeleteReceived", "context":{"id":"d08a9996-0ea3-4d06-8ca5-045d8bf5d84e", "isDeleted:":"true", "version":"1703794222101"}}
{"logTime": "1110/032337", "correlationVector":"9sNu18NO/lauKjkwCwJVJQ.128","action":"GetUpdates", "result":"DeleteReceived", "context":{"id":"0e39209d-f964-4f0d-83b8-c26ff41c9fe6", "isDeleted:":"true", "version":"1703794223624"}}
{"logTime": "1110/032337", "correlationVector":"9sNu18NO/lauKjkwCwJVJQ.129","action":"GetUpdates", "result":"DeleteReceived", "context":{"id":"4c4bc46f-887b-4a93-85d1-418125656f1b", "isDeleted:":"true", "version":"1703794223626"}}
{"logTime": "1110/032337", "correlationVector":"9sNu18NO/lauKjkwCwJVJQ.130","action":"GetUpdates", "result":"DeleteReceived", "context":{"id":"abc8ad3c-c4f0-494f-9904-0fd7dd9674a3", "isDeleted:":"true", "version":"1703794223629"}}
{"logTime": "1110/032337", "correlationVector":"9sNu18NO/lauKjkwCwJVJQ.131","action":"GetUpdates", "result":"DeleteReceived", "context":{"id":"d5473fa5-902b-4bd4-91c0-30f26ca7ad2f", "isDeleted:":"true", "version":"1703794223632"}}
{"logTime": "1110/032337", "correlationVector":"9sNu18NO/lauKjkwCwJVJQ.132","action":"GetUpdates", "result":"DeleteReceived", "context":{"id":"21bc83f0-7820-4e73-92c9-460023bab280", "isDeleted:":"true", "version":"1703794223633"}}
{"logTime": "1110/032337", "correlationVector":"9sNu18NO/lauKjkwCwJVJQ.133","action":"GetUpdates", "result":"DeleteReceived", "context":{"id":"c2cd0d80-9879-4002-b49a-ed4f140113c9", "isDeleted:":"true", "version":"1703794223636"}}
{"logTime": "1110/032337", "correlationVector":"9sNu18NO/lauKjkwCwJVJQ.134","action":"GetUpdates", "result":"DeleteReceived", "context":{"id":"a86cea80-fdb8-48cb-a818-40788a175cda", "isDeleted:":"true", "version":"1703794223637"}}
{"logTime": "1110/032337", "correlationVector":"9sNu18NO/lauKjkwCwJVJQ.135","action":"GetUpdates", "result":"DeleteReceived", "context":{"id":"ec2cb594-d609-4eff-8163-66b4e8a192d6", "isDeleted:":"true", "version":"1703794223638"}}
{"logTime": "1110/032337", "correlationVector":"9sNu18NO/lauKjkwCwJVJQ.136","action":"GetUpdates", "result":"DeleteReceived", "context":{"id":"829371f3-7503-4a54-b461-f4e352a6cacd", "isDeleted:":"true", "version":"1703794225173"}}
{"logTime": "1110/032337", "correlationVector":"9sNu18NO/lauKjkwCwJVJQ.137","action":"GetUpdates", "result":"DeleteReceived", "context":{"id":"2ee6bdbf-120d-475c-aa84-d30982bf2c7c", "isDeleted:":"true", "version":"1703794225175"}}
{"logTime": "1110/032337", "correlationVector":"9sNu18NO/lauKjkwCwJVJQ.138","action":"GetUpdates", "result":"DeleteReceived", "context":{"id":"95c7a1cd-1771-4316-bb1b-78035427e81d", "isDeleted:":"true", "version":"1703794225176"}}
{"logTime": "1110/032337", "correlationVector":"9sNu18NO/lauKjkwCwJVJQ.139","action":"GetUpdates", "result":"DeleteReceived", "context":{"id":"36acf022-95c1-4993-8352-8e650227edb5", "isDeleted:":"true", "version":"1703794225178"}}
{"logTime": "1110/032337", "correlationVector":"9sNu18NO/lauKjkwCwJVJQ.140","action":"GetUpdates", "result":"DeleteReceived", "context":{"id":"dba89d52-0276-4a5e-b4c6-8237efd9b2c0", "isDeleted:":"true", "version":"1703794225180"}}
{"logTime": "1110/032337", "correlationVector":"9sNu18NO/lauKjkwCwJVJQ.141","action":"GetUpdates", "result":"DeleteReceived", "context":{"id":"05114495-da4d-47e7-a07a-550d9fdf16b4", "isDeleted:":"true", "version":"1703794225181"}}
{"logTime": "1110/032337", "correlationVector":"9sNu18NO/lauKjkwCwJVJQ.142","action":"GetUpdates", "result":"DeleteReceived", "context":{"id":"9dce6b3c-7e16-4b70-bcae-94f9fa968f6b", "isDeleted:":"true", "version":"1703794225183"}}
{"logTime": "1110/032337", "correlationVector":"9sNu18NO/lauKjkwCwJVJQ.143","action":"GetUpdates", "result":"DeleteReceived", "context":{"id":"fad50296-22f6-45c1-8d9f-e4769ffdad00", "isDeleted:":"true", "version":"1703794225184"}}
{"logTime": "1110/032337", "correlationVector":"9sNu18NO/lauKjkwCwJVJQ.144","action":"GetUpdates", "result":"DeleteReceived", "context":{"id":"3c080e56-c8a7-4fb3-8421-116128c4a552", "isDeleted:":"true", "version":"1703794226761"}}
{"logTime": "1110/032337", "correlationVector":"9sNu18NO/lauKjkwCwJVJQ.145","action":"GetUpdates", "result":"DeleteReceived", "context":{"id":"58b9842b-1c98-4d8b-920b-ecf4c23948a2", "isDeleted:":"true", "version":"1703794226766"}}
{"logTime": "1110/032337", "correlationVector":"9sNu18NO/lauKjkwCwJVJQ.146","action":"GetUpdates", "result":"DeleteReceived", "context":{"id":"21a0f337-b06b-4787-8ff1-927ed8d740d2", "isDeleted:":"true", "version":"1703794226768"}}
{"logTime": "1110/032337", "correlationVector":"9sNu18NO/lauKjkwCwJVJQ.147","action":"GetUpdates", "result":"DeleteReceived", "context":{"id":"898e070a-45fc-4e33-ab1c-a2c02c21043e", "isDeleted:":"true", "version":"1703794226771"}}
{"logTime": "1110/032337", "correlationVector":"9sNu18NO/lauKjkwCwJVJQ.148","action":"GetUpdates", "result":"DeleteReceived", "context":{"id":"25fa64b4-6824-478f-a7f2-c9382beddd42", "isDeleted:":"true", "version":"1703794226773"}}
{"logTime": "1110/032337", "correlationVector":"9sNu18NO/lauKjkwCwJVJQ.149","action":"GetUpdates", "result":"DeleteReceived", "context":{"id":"7d2dfc49-d1d5-428f-aada-51339b1b442b", "isDeleted:":"true", "version":"1703794228658"}}
{"logTime": "1110/032337", "correlationVector":"9sNu18NO/lauKjkwCwJVJQ.150","action":"GetUpdates", "result":"DeleteReceived", "context":{"id":"18cca19e-310a-4799-b331-961e360f9126", "isDeleted:":"true", "version":"1703794228661"}}
{"logTime": "1110/032337", "correlationVector":"9sNu18NO/lauKjkwCwJVJQ.151","action":"GetUpdates", "result":"DeleteReceived", "context":{"id":"0631338c-6018-4203-a0a8-f363531e4a5e", "isDeleted:":"true", "version":"1703794228662"}}
{"logTime": "1110/032337", "correlationVector":"9sNu18NO/lauKjkwCwJVJQ.152","action":"GetUpdates", "result":"DeleteReceived", "context":{"id":"ab41db7a-2b57-4455-8cf8-9b0a44e577f1", "isDeleted:":"true", "version":"1703794228664"}}
{"logTime": "1110/032337", "correlationVector":"9sNu18NO/lauKjkwCwJVJQ.153","action":"GetUpdates", "result":"DeleteReceived", "context":{"id":"bf56f5ba-3d98-40f2-bbbb-534af6eb2c47", "isDeleted:":"true", "version":"1703794228666"}}
{"logTime": "1110/032337", "correlationVector":"9sNu18NO/lauKjkwCwJVJQ.154","action":"GetUpdates", "result":"DeleteReceived", "context":{"id":"24bfc77f-1c66-487f-a3b2-dabbc8979acb", "isDeleted:":"true", "version":"1703794228667"}}
{"logTime": "1110/032337", "correlationVector":"9sNu18NO/lauKjkwCwJVJQ.155","action":"GetUpdates", "result":"DeleteReceived", "context":{"id":"8fcaa8ae-df50-4f20-a2a0-300d51e824d6", "isDeleted:":"true", "version":"1703794228670"}}
{"logTime": "1110/032337", "correlationVector":"9sNu18NO/lauKjkwCwJVJQ.156","action":"GetUpdates", "result":"DeleteReceived", "context":{"id":"2a28555b-d384-4c39-8301-dad634b0fd6b", "isDeleted:":"true", "version":"1703794228671"}}
{"logTime": "1110/032337", "correlationVector":"9sNu18NO/lauKjkwCwJVJQ.157","action":"GetUpdates", "result":"DeleteReceived", "context":{"id":"48cea356-6bb4-4594-af9b-a3435283466f", "isDeleted:":"true", "version":"1703794228672"}}
{"logTime": "1110/032337", "correlationVector":"9sNu18NO/lauKjkwCwJVJQ.158","action":"GetUpdates", "result":"DeleteReceived", "context":{"id":"0cca9cf9-9343-4a34-8246-fcd32b4a6c11", "isDeleted:":"true", "version":"1703794228673"}}
{"logTime": "1110/032337", "correlationVector":"9sNu18NO/lauKjkwCwJVJQ.159","action":"GetUpdates", "result":"DeleteReceived", "context":{"id":"4c276596-330d-42c9-81be-e60488fa71cd", "isDeleted:":"true", "version":"1703794230353"}}
{"logTime": "1110/032337", "correlationVector":"9sNu18NO/lauKjkwCwJVJQ.160","action":"GetUpdates", "result":"DeleteReceived", "context":{"id":"cf077bda-0fdc-476b-8a16-424c44ba5a0b", "isDeleted:":"true", "version":"1703794230354"}}
{"logTime": "1110/032337", "correlationVector":"9sNu18NO/lauKjkwCwJVJQ.161","action":"GetUpdates", "result":"DeleteReceived", "context":{"id":"eeff7141-c760-426c-b875-179751b78028", "isDeleted:":"true", "version":"1703794230360"}}
{"logTime": "1110/032337", "correlationVector":"9sNu18NO/lauKjkwCwJVJQ.162","action":"GetUpdates", "result":"DeleteReceived", "context":{"id":"a9c4c9cd-73f8-48bf-a4dc-4168acb5e488", "isDeleted:":"true", "version":"1703794230362"}}
{"logTime": "1110/032337", "correlationVector":"9sNu18NO/lauKjkwCwJVJQ.163","action":"GetUpdates", "result":"DeleteReceived", "context":{"id":"ee999d65-8137-4851-927f-f4ad0241bfea", "isDeleted:":"true", "version":"1703794230364"}}
{"logTime": "1110/032337", "correlationVector":"9sNu18NO/lauKjkwCwJVJQ.164","action":"GetUpdates", "result":"DeleteReceived", "context":{"id":"6d1bfcfe-46fc-434d-8585-0c560c7dda54", "isDeleted:":"true", "version":"1703794230365"}}
{"logTime": "1110/032337", "correlationVector":"9sNu18NO/lauKjkwCwJVJQ.165","action":"GetUpdates", "result":"DeleteReceived", "context":{"id":"d7fde0e9-28c3-49d4-8b52-6a9025126a6f", "isDeleted:":"true", "version":"1706730710839"}}
{"logTime": "1110/032337", "correlationVector":"9sNu18NO/lauKjkwCwJVJQ.166","action":"GetUpdates", "result":"DeleteReceived", "context":{"id":"aea4575c-3692-4e53-ac50-82deca9af687", "isDeleted:":"true", "version":"1715101890739"}}
{"logTime": "1110/032337", "correlationVector":"9sNu18NO/lauKjkwCwJVJQ.167","action":"GetUpdates", "result":"DeleteReceived", "context":{"id":"6c7df278-7535-4ea3-b10f-9826465d2a7b", "isDeleted:":"true", "version":"1717275291435"}}
{"logTime": "1110/032337", "correlationVector":"9sNu18NO/lauKjkwCwJVJQ.168","action":"GetUpdates", "result":"DeleteReceived", "context":{"id":"13b004cd-f572-4892-8a86-50610f79c865", "isDeleted:":"true", "version":"1717527118298"}}
{"logTime": "1110/032337", "correlationVector":"9sNu18NO/lauKjkwCwJVJQ.169","action":"GetUpdates", "result":"DeleteReceived", "context":{"id":"cea84a8d-9363-4b35-ad11-119702381f15", "isDeleted:":"true", "version":"1719237921996"}}
{"logTime": "1110/032337", "correlationVector":"9sNu18NO/lauKjkwCwJVJQ.170","action":"GetUpdates", "result":"DeleteReceived", "context":{"id":"398c4ecd-f4ce-40c4-9b5d-58178882c62e", "isDeleted:":"true", "version":"1720784623397"}}
{"logTime": "1110/032337", "correlationVector":"9sNu18NO/lauKjkwCwJVJQ.171","action":"GetUpdates Response", "result":"Success", "context":Received 250 update(s). cV=9sNu18NO/lauKjkwCwJVJQ.0;server=GENERAL0100000Z;cloudType=Consumer;environment=Prod_WestEurope_000l;migrationStage=NotStarted Some updates remain.}
{"logTime": "1110/032337", "correlationVector":"M6Ukz3bUsE5Gsex9Y64k5n","action":"Initial GetUpdates", "result":"", "context":Reason: NEWLY_SUPPORTED_DATATYPE. cV=M6Ukz3bUsE5Gsex9Y64k5n}
{"logTime": "1110/032338", "correlationVector":"M6Ukz3bUsE5Gsex9Y64k5n.1","action":"SyncServerConnectionManagerRequest", "result":"SYNC_SERVER_OK", "context":{"environment":"Prod_WestEurope_000l", "migrationStage":"NotStarted", "server":"GENERAL0100001K"}}
{"logTime": "1110/032338", "correlationVector":"M6Ukz3bUsE5Gsex9Y64k5n.2","action":"GetUpdates", "result":"DeleteReceived", "context":{"id":"488412e9-d6d2-4cf9-b63a-9ea78b16ba0d", "isDeleted:":"true", "version":"1722130913811"}}
{"logTime": "1110/032338", "correlationVector":"M6Ukz3bUsE5Gsex9Y64k5n.3","action":"GetUpdates", "result":"DeleteReceived", "context":{"id":"37d31a65-5e68-4278-b1ba-67a24a03de39", "isDeleted:":"true", "version":"1723635879486"}}
{"logTime": "1110/032338", "correlationVector":"M6Ukz3bUsE5Gsex9Y64k5n.4","action":"GetUpdates", "result":"DeleteReceived", "context":{"id":"a843923c-1ca5-424f-9767-5f31552362f4", "isDeleted:":"true", "version":"1724109577511"}}
{"logTime": "1110/032338", "correlationVector":"M6Ukz3bUsE5Gsex9Y64k5n.5","action":"GetUpdates", "result":"DeleteReceived", "context":{"id":"ebf6a31c-b276-4281-ae6a-fdad68c0b029", "isDeleted:":"true", "version":"1724109591181"}}
{"logTime": "1110/032338", "correlationVector":"M6Ukz3bUsE5Gsex9Y64k5n.6","action":"GetUpdates", "result":"DeleteReceived", "context":{"id":"3a33c5e1-eaf8-4755-8355-8dd86f7738a7", "isDeleted:":"true", "version":"1724109592197"}}
{"logTime": "1110/032338", "correlationVector":"M6Ukz3bUsE5Gsex9Y64k5n.7","action":"GetUpdates", "result":"DeleteReceived", "context":{"id":"c7de963b-30d7-4594-88b5-cf928fd582d0", "isDeleted:":"true", "version":"1724109593231"}}
{"logTime": "1110/032338", "correlationVector":"M6Ukz3bUsE5Gsex9Y64k5n.8","action":"GetUpdates", "result":"DeleteReceived", "context":{"id":"4a4902e8-fcec-4018-be89-9f9d8f171a12", "isDeleted:":"true", "version":"1724109594279"}}
{"logTime": "1110/032338", "correlationVector":"M6Ukz3bUsE5Gsex9Y64k5n.9","action":"GetUpdates", "result":"DeleteReceived", "context":{"id":"d1d521d8-4922-4dbe-9df4-37981d9b1704", "isDeleted:":"true", "version":"1724109595487"}}
{"logTime": "1110/032338", "correlationVector":"M6Ukz3bUsE5Gsex9Y64k5n.10","action":"GetUpdates", "result":"DeleteReceived", "context":{"id":"69e5cc79-1df2-4c2b-9da7-e37f46939bc6", "isDeleted:":"true", "version":"1724109596569"}}
{"logTime": "1110/032338", "correlationVector":"M6Ukz3bUsE5Gsex9Y64k5n.11","action":"GetUpdates", "result":"DeleteReceived", "context":{"id":"2d2fb73f-7a75-461e-ba61-5347374d8d34", "isDeleted:":"true", "version":"1724109597620"}}
{"logTime": "1110/032338", "correlationVector":"M6Ukz3bUsE5Gsex9Y64k5n.12","action":"GetUpdates", "result":"DeleteReceived", "context":{"id":"707338b5-f82a-4c5f-b675-d92019138dac", "isDeleted:":"true", "version":"1724109598598"}}
{"logTime": "1110/032338", "correlationVector":"M6Ukz3bUsE5Gsex9Y64k5n.13","action":"GetUpdates", "result":"DeleteReceived", "context":{"id":"6afd713c-29e2-4211-a9c9-aae6f1f558cb", "isDeleted:":"true", "version":"1724109599624"}}
{"logTime": "1110/032338", "correlationVector":"M6Ukz3bUsE5Gsex9Y64k5n.14","action":"GetUpdates", "result":"DeleteReceived", "context":{"id":"2fba5832-5c9d-40ad-a4c8-78adf45445ec", "isDeleted:":"true", "version":"1724109600648"}}
{"logTime": "1110/032338", "correlationVector":"M6Ukz3bUsE5Gsex9Y64k5n.15","action":"GetUpdates", "result":"DeleteReceived", "context":{"id":"90bde229-a58b-4881-95da-24c9f7e570ca", "isDeleted:":"true", "version":"1724109601735"}}
{"logTime": "1110/032338", "correlationVector":"M6Ukz3bUsE5Gsex9Y64k5n.16","action":"GetUpdates", "result":"DeleteReceived", "context":{"id":"711b794d-08f2-412c-ad57-5e56501e788d", "isDeleted:":"true", "version":"1724109602884"}}
{"logTime": "1110/032338", "correlationVector":"M6Ukz3bUsE5Gsex9Y64k5n.17","action":"GetUpdates", "result":"DeleteReceived", "context":{"id":"12677e50-73df-4a24-b9a8-30dabc55aeec", "isDeleted:":"true", "version":"1724109611088"}}
{"logTime": "1110/032338", "correlationVector":"M6Ukz3bUsE5Gsex9Y64k5n.18","action":"GetUpdates", "result":"DeleteReceived", "context":{"id":"d7bd5283-8f81-45b6-8696-56c5302aca57", "isDeleted:":"true", "version":"1726003097785"}}
{"logTime": "1110/032338", "correlationVector":"M6Ukz3bUsE5Gsex9Y64k5n.19","action":"GetUpdates", "result":"DeleteReceived", "context":{"id":"f730d11d-21df-4059-afe9-183ecd3bff58", "isDeleted:":"true", "version":"1727566342380"}}
{"logTime": "1110/032338", "correlationVector":"M6Ukz3bUsE5Gsex9Y64k5n.20","action":"GetUpdates Response", "result":"Success", "context":Received 230 update(s). cV=M6Ukz3bUsE5Gsex9Y64k5n.0;server=GENERAL0100001K;cloudType=Consumer;environment=Prod_WestEurope_000l;migrationStage=NotStarted}
{"logTime": "1110/032340", "correlationVector":"2L34HuGZ9XDrti3FcdWZmn","action":"Normal GetUpdate request", "result":"", "context":cV=2L34HuGZ9XDrti3FcdWZmn
Nudged types: Sessions
Refresh requested types: Bookmarks, Preferences, Passwords, Autofill Profiles, Autofill, Typed URLs, Extensions, Sessions, Extension settings, History Delete Directives, Device Info, User Consents, Send Tab To Self, Web Apps, Collection, Edge E Drop, Edge Hub App Usage, Edge Tab Group, Edge Wallet, Encryption Keys}
{"logTime": "1110/032341", "correlationVector":"2L34HuGZ9XDrti3FcdWZmn.1","action":"SyncServerConnectionManagerRequest", "result":"SYNC_SERVER_OK", "context":{"environment":"Prod_WestEurope_000l", "migrationStage":"NotStarted", "server":"GENERAL01000002"}}
{"logTime": "1110/032341", "correlationVector":"2L34HuGZ9XDrti3FcdWZmn.2","action":"GetUpdates Response", "result":"Success", "context":Received 3 update(s). cV=2L34HuGZ9XDrti3FcdWZmn.0;server=GENERAL01000002;cloudType=Consumer;environment=Prod_WestEurope_000l;migrationStage=NotStarted}
{"logTime": "1110/032341", "correlationVector":"V+hoMQI5j7BE43byOVzJ3m","action":"Commit Request", "result":"", "context":Item count: 3
Contributing types: Sessions}
{"logTime": "1110/032341", "correlationVector":"V+hoMQI5j7BE43byOVzJ3m.1","action":"SyncServerConnectionManagerRequest", "result":"SYNC_SERVER_OK", "context":{"environment":"Prod_WestEurope_000l", "migrationStage":"NotStarted", "server":"GENERAL0100000N"}}
{"logTime": "1110/032341", "correlationVector":"V+hoMQI5j7BE43byOVzJ3m.2","action":"Commit Response", "result":"Success", "context":Result: Success. cV=V+hoMQI5j7BE43byOVzJ3m.0;server=GENERAL0100000N;cloudType=Consumer;environment=Prod_WestEurope_000l;migrationStage=NotStarted}
{"logTime": "1110/032341", "correlationVector":"V+hoMQI5j7BE43byOVzJ3m.3","action":"Commit.Sessions", "result":"Success", "context":{"id":"74eca9a8-0a83-4287-8d72-24a953dcf9a9", "isDeleted":"true", "size":"0", "version":"1731202506203"}}
{"logTime": "1110/032347", "correlationVector":"t1SriF0wknvUmhr/4pcML9","action":"Normal GetUpdate request", "result":"", "context":cV=t1SriF0wknvUmhr/4pcML9
Nudged types: Sessions
Notified types: Device Info}
{"logTime": "1110/032348", "correlationVector":"t1SriF0wknvUmhr/4pcML9.1","action":"SyncServerConnectionManagerRequest", "result":"SYNC_SERVER_OK", "context":{"environment":"Prod_WestEurope_000l", "migrationStage":"NotStarted", "server":"GENERAL0100000G"}}
{"logTime": "1110/032348", "correlationVector":"t1SriF0wknvUmhr/4pcML9.2","action":"GetUpdates", "result":"DeleteReceived", "context":{"id":"74eca9a8-0a83-4287-8d72-24a953dcf9a9", "isDeleted:":"true", "version":"1731209020762"}}
{"logTime": "1110/032348", "correlationVector":"t1SriF0wknvUmhr/4pcML9.3","action":"GetUpdates Response", "result":"Success", "context":Received 5 update(s). cV=t1SriF0wknvUmhr/4pcML9.0;server=GENERAL0100000G;cloudType=Consumer;environment=Prod_WestEurope_000l;migrationStage=NotStarted}
{"logTime": "1110/032350", "correlationVector":"VfI+vd6us2yKTCSHoTIkUF","action":"Normal GetUpdate request", "result":"", "context":cV=VfI+vd6us2yKTCSHoTIkUF
Notified types: Preferences, Edge Hub App Usage}
{"logTime": "1110/032351", "correlationVector":"VfI+vd6us2yKTCSHoTIkUF.1","action":"SyncServerConnectionManagerRequest", "result":"SYNC_SERVER_OK", "context":{"environment":"Prod_WestEurope_000l", "migrationStage":"NotStarted", "server":"GENERAL0100001C"}}
{"logTime": "1110/032351", "correlationVector":"VfI+vd6us2yKTCSHoTIkUF.2","action":"GetUpdates Response", "result":"Success", "context":Received 2 update(s). cV=VfI+vd6us2yKTCSHoTIkUF.0;server=GENERAL0100001C;cloudType=Consumer;environment=Prod_WestEurope_000l;migrationStage=NotStarted}
{"logTime": "1110/032433", "correlationVector":"lJN53gpsuULf6HDifbBSDP","action":"Commit Request", "result":"", "context":Item count: 2
Contributing types: Preferences, Sessions}
{"logTime": "1110/032433", "correlationVector":"lJN53gpsuULf6HDifbBSDP.1","action":"SyncServerConnectionManagerRequest", "result":"SYNC_SERVER_OK", "context":{"environment":"Prod_WestEurope_000l", "migrationStage":"NotStarted", "server":"GENERAL0100000O"}}
{"logTime": "1110/032433", "correlationVector":"lJN53gpsuULf6HDifbBSDP.2","action":"Commit Response", "result":"Success", "context":Result: Success. cV=lJN53gpsuULf6HDifbBSDP.0;server=GENERAL0100000O;cloudType=Consumer;environment=Prod_WestEurope_000l;migrationStage=NotStarted}
{"logTime": "1110/032436", "correlationVector":"QLPSTgxj3Q3o3MZXA69mti","action":"Commit Request", "result":"", "context":Item count: 1
Contributing types: Preferences}
{"logTime": "1110/032436", "correlationVector":"QLPSTgxj3Q3o3MZXA69mti.1","action":"SyncServerConnectionManagerRequest", "result":"SYNC_SERVER_OK", "context":{"environment":"Prod_WestEurope_000l", "migrationStage":"NotStarted", "server":"GENERAL01000005"}}
{"logTime": "1110/032436", "correlationVector":"QLPSTgxj3Q3o3MZXA69mti.3","action":"Commit.Preferences", "result":"Success", "context":{"id":"cb64086f-0ae2-405d-af05-53b5b7994c1e", "isDeleted":"true", "size":"0", "version":"1731209072742"}}
{"logTime": "1110/032436", "correlationVector":"QLPSTgxj3Q3o3MZXA69mti.2","action":"Commit Response", "result":"Success", "context":Result: Success. cV=QLPSTgxj3Q3o3MZXA69mti.0;server=GENERAL01000005;cloudType=Consumer;environment=Prod_WestEurope_000l;migrationStage=NotStarted}
{"logTime": "1110/032451", "correlationVector":"lxvFTt8NiUontHH1A1FTMZ","action":"Normal GetUpdate request", "result":"", "context":cV=lxvFTt8NiUontHH1A1FTMZ
Notified types: Edge Hub App Usage}
{"logTime": "1110/032451", "correlationVector":"lxvFTt8NiUontHH1A1FTMZ.1","action":"SyncServerConnectionManagerRequest", "result":"SYNC_SERVER_OK", "context":{"environment":"Prod_WestEurope_000l", "migrationStage":"NotStarted", "server":"GENERAL01000019"}}
{"logTime": "1110/032451", "correlationVector":"lxvFTt8NiUontHH1A1FTMZ.2","action":"GetUpdates", "result":"DeleteReceived", "context":{"id":"cb64086f-0ae2-405d-af05-53b5b7994c1e", "isDeleted:":"true", "version":"1731209075819"}}
{"logTime": "1110/032451", "correlationVector":"lxvFTt8NiUontHH1A1FTMZ.3","action":"GetUpdates Response", "result":"Success", "context":Received 5 update(s). cV=lxvFTt8NiUontHH1A1FTMZ.0;server=GENERAL01000019;cloudType=Consumer;environment=Prod_WestEurope_000l;migrationStage=NotStarted}
{"logTime": "1110/032646", "correlationVector":"++8Lx4apO2lrkSLfuZKQjn","action":"Normal GetUpdate request", "result":"", "context":cV=++8Lx4apO2lrkSLfuZKQjn
Notified types: Edge Hub App Usage}
{"logTime": "1110/032646", "correlationVector":"++8Lx4apO2lrkSLfuZKQjn.1","action":"SyncServerConnectionManagerRequest", "result":"SYNC_SERVER_OK", "context":{"environment":"Prod_WestEurope_000l", "migrationStage":"NotStarted", "server":"GENERAL0100000D"}}
{"logTime": "1110/032646", "correlationVector":"++8Lx4apO2lrkSLfuZKQjn.2","action":"GetUpdates Response", "result":"Success", "context":Received 2 update(s). cV=++8Lx4apO2lrkSLfuZKQjn.0;server=GENERAL0100000D;cloudType=Consumer;environment=Prod_WestEurope_000l;migrationStage=NotStarted}
{"logTime": "1110/032833", "correlationVector":"oRArZRmJJIjKPyP/l0VVfG","action":"Normal GetUpdate request", "result":"", "context":cV=oRArZRmJJIjKPyP/l0VVfG
Refresh requested types: Bookmarks, Preferences, Passwords, Autofill Profiles, Autofill, Typed URLs, Extensions, Sessions, Extension settings, History Delete Directives, Device Info, User Consents, Send Tab To Self, Web Apps, Collection, Edge E Drop, Edge Hub App Usage, Edge Tab Group, Edge Wallet, Encryption Keys}
{"logTime": "1110/032834", "correlationVector":"oRArZRmJJIjKPyP/l0VVfG.1","action":"SyncServerConnectionManagerRequest", "result":"SYNC_SERVER_OK", "context":{"environment":"Prod_WestEurope_000l", "migrationStage":"NotStarted", "server":"GENERAL0100000L"}}
{"logTime": "1110/032834", "correlationVector":"oRArZRmJJIjKPyP/l0VVfG.2","action":"GetUpdates Response", "result":"Success", "context":Received 0 update(s). cV=oRArZRmJJIjKPyP/l0VVfG.0;server=GENERAL0100000L;cloudType=Consumer;environment=Prod_WestEurope_000l;migrationStage=NotStarted}
{"logTime": "1110/033057", "correlationVector":"nwst7DY1Zlra3mXphuxfR+","action":"Normal GetUpdate request", "result":"", "context":cV=nwst7DY1Zlra3mXphuxfR+
Notified types: Edge Hub App Usage}
{"logTime": "1110/033058", "correlationVector":"nwst7DY1Zlra3mXphuxfR+.1","action":"SyncServerConnectionManagerRequest", "result":"SYNC_SERVER_OK", "context":{"environment":"Prod_WestEurope_000l", "migrationStage":"NotStarted", "server":"general0100000H"}}
{"logTime": "1110/033058", "correlationVector":"nwst7DY1Zlra3mXphuxfR+.2","action":"GetUpdates Response", "result":"Success", "context":Received 1 update(s). cV=nwst7DY1Zlra3mXphuxfR+.0;server=general0100000H;cloudType=Consumer;environment=Prod_WestEurope_000l;migrationStage=NotStarted}
{"logTime": "1110/033204", "correlationVector":"7U+O5EgFrY8a6ubMBnKzJh","action":"Normal GetUpdate request", "result":"", "context":cV=7U+O5EgFrY8a6ubMBnKzJh
Notified types: Device Info}
{"logTime": "1110/033205", "correlationVector":"7U+O5EgFrY8a6ubMBnKzJh.1","action":"SyncServerConnectionManagerRequest", "result":"SYNC_SERVER_OK", "context":{"environment":"Prod_WestEurope_000l", "migrationStage":"NotStarted", "server":"GENERAL0100001N"}}
{"logTime": "1110/033205", "correlationVector":"7U+O5EgFrY8a6ubMBnKzJh.2","action":"GetUpdates Response", "result":"Success", "context":Received 1 update(s). cV=7U+O5EgFrY8a6ubMBnKzJh.0;server=GENERAL0100001N;cloudType=Consumer;environment=Prod_WestEurope_000l;migrationStage=NotStarted}
